12 18, 2020 11:10:04 上午 cn.diytomcat.catalina.Context deploy
INFO : Deploying web application directory /Users/yangjingbo/IdeaProjects/DiyTomcat/webapps/j2ee
12 18, 2020 11:10:04 上午 cn.diytomcat.catalina.Context deploy
INFO : Deployment of web application directory /Users/yangjingbo/IdeaProjects/DiyTomcat/webapps/j2ee has finished in 159 ms
12 18, 2020 11:10:04 上午 cn.diytomcat.catalina.Context deploy
INFO : Deploying web application directory /Users/yangjingbo/IdeaProjects/DiyTomcat/webapps/a
12 18, 2020 11:10:04 上午 cn.diytomcat.catalina.Context deploy
INFO : Deployment of web application directory /Users/yangjingbo/IdeaProjects/DiyTomcat/webapps/a has finished in 0 ms
12 18, 2020 11:10:04 上午 cn.diytomcat.catalina.Context deploy
INFO : Deploying web application directory /Users/yangjingbo/IdeaProjects/DiyTomcat/webapps/ROOT
12 18, 2020 11:10:04 上午 cn.diytomcat.catalina.Context deploy
INFO : Deployment of web application directory /Users/yangjingbo/IdeaProjects/DiyTomcat/webapps/ROOT has finished in 0 ms
12 18, 2020 11:10:04 上午 cn.diytomcat.catalina.Context deploy
INFO : Deploying web application directory /Users/yangjingbo/IdeaProjects/DiyTomcat/b
12 18, 2020 11:10:04 上午 cn.diytomcat.catalina.Context deploy
INFO : Deployment of web application directory /Users/yangjingbo/IdeaProjects/DiyTomcat/b has finished in 1 ms
12 18, 2020 11:10:04 上午 cn.diytomcat.catalina.Server logJVM
INFO : Server version:		DiyTomcat/1.0.1
12 18, 2020 11:10:04 上午 cn.diytomcat.catalina.Server logJVM
INFO : Server built:		2020-12-15 10:44:47
12 18, 2020 11:10:04 上午 cn.diytomcat.catalina.Server logJVM
INFO : Server number:		1.0.1
12 18, 2020 11:10:04 上午 cn.diytomcat.catalina.Server logJVM
INFO : OS Name	:		Mac OS X
12 18, 2020 11:10:04 上午 cn.diytomcat.catalina.Server logJVM
INFO : OS Version:		10.16
12 18, 2020 11:10:04 上午 cn.diytomcat.catalina.Server logJVM
INFO : Arichitecture:		x86_64
12 18, 2020 11:10:04 上午 cn.diytomcat.catalina.Server logJVM
INFO : Java Home:		/Library/Java/JavaVirtualMachines/jdk1.8.0_181.jdk/Contents/Home/jre
12 18, 2020 11:10:04 上午 cn.diytomcat.catalina.Server logJVM
INFO : JVM Version:		1.8.0_181-b13
12 18, 2020 11:10:04 上午 cn.diytomcat.catalina.Server logJVM
INFO : JVM Vendor:		Oracle Corporation
12 18, 2020 11:10:04 上午 cn.diytomcat.catalina.Connector init
INFO : Initializing ProtocolHandler [http-bio-18080]
12 18, 2020 11:10:04 上午 cn.diytomcat.catalina.Connector init
INFO : Initializing ProtocolHandler [http-bio-18081]
12 18, 2020 11:10:04 上午 cn.diytomcat.catalina.Connector init
INFO : Initializing ProtocolHandler [http-bio-18082]
12 18, 2020 11:10:04 上午 cn.diytomcat.catalina.Service init
INFO : Initialization processed in1 ms
12 18, 2020 11:10:04 上午 cn.diytomcat.catalina.Connector start
INFO : Starting ProtocolHandler [http-bio-18080]
12 18, 2020 11:10:04 上午 cn.diytomcat.catalina.Connector start
INFO : Starting ProtocolHandler [http-bio-18081]
12 18, 2020 11:10:04 上午 cn.diytomcat.catalina.Connector start
INFO : Starting ProtocolHandler [http-bio-18082]
12 18, 2020 11:10:04 上午 cn.diytomcat.catalina.Server start
INFO : Server startup in 5 ms
12 18, 2020 11:10:10 上午 cn.diytomcat.catalina.HttpProcessor error
ERROR: this is a deliberately created exception
java.lang.Exception: this is a deliberately created exception
	at cn.diytomcat.catalina.HttpProcessor.execute(HttpProcessor.java:37)
	at cn.diytomcat.catalina.Connector$1.run(Connector.java:52)
	at java.util.concurrent.ThreadPoolExecutor.runWorker(ThreadPoolExecutor.java:1149)
	at java.util.concurrent.ThreadPoolExecutor$Worker.run(ThreadPoolExecutor.java:624)
	at java.lang.Thread.run(Thread.java:748)
12 18, 2020 17:24:18 下午 cn.diytomcat.catalina.Context deploy
INFO : Deploying web application directory /Users/yangjingbo/IdeaProjects/DiyTomcat/webapps/j2ee
12 18, 2020 17:24:18 下午 cn.diytomcat.catalina.Context deploy
INFO : Deployment of web application directory /Users/yangjingbo/IdeaProjects/DiyTomcat/webapps/j2ee has finished in 180 ms
12 18, 2020 17:24:18 下午 cn.diytomcat.catalina.Context deploy
INFO : Deploying web application directory /Users/yangjingbo/IdeaProjects/DiyTomcat/webapps/a
12 18, 2020 17:24:18 下午 cn.diytomcat.catalina.Context deploy
INFO : Deployment of web application directory /Users/yangjingbo/IdeaProjects/DiyTomcat/webapps/a has finished in 1 ms
12 18, 2020 17:24:18 下午 cn.diytomcat.catalina.Context deploy
INFO : Deploying web application directory /Users/yangjingbo/IdeaProjects/DiyTomcat/webapps/ROOT
12 18, 2020 17:24:18 下午 cn.diytomcat.catalina.Context deploy
INFO : Deployment of web application directory /Users/yangjingbo/IdeaProjects/DiyTomcat/webapps/ROOT has finished in 0 ms
12 18, 2020 17:24:18 下午 cn.diytomcat.catalina.Context deploy
INFO : Deploying web application directory /Users/yangjingbo/IdeaProjects/DiyTomcat/b
12 18, 2020 17:24:18 下午 cn.diytomcat.catalina.Context deploy
INFO : Deployment of web application directory /Users/yangjingbo/IdeaProjects/DiyTomcat/b has finished in 2 ms
12 18, 2020 17:24:18 下午 cn.diytomcat.catalina.Server logJVM
INFO : Server version:		DiyTomcat/1.0.1
12 18, 2020 17:24:18 下午 cn.diytomcat.catalina.Server logJVM
INFO : Server built:		2020-12-15 10:44:47
12 18, 2020 17:24:18 下午 cn.diytomcat.catalina.Server logJVM
INFO : Server number:		1.0.1
12 18, 2020 17:24:18 下午 cn.diytomcat.catalina.Server logJVM
INFO : OS Name	:		Mac OS X
12 18, 2020 17:24:18 下午 cn.diytomcat.catalina.Server logJVM
INFO : OS Version:		10.16
12 18, 2020 17:24:18 下午 cn.diytomcat.catalina.Server logJVM
INFO : Arichitecture:		x86_64
12 18, 2020 17:24:18 下午 cn.diytomcat.catalina.Server logJVM
INFO : Java Home:		/Library/Java/JavaVirtualMachines/jdk1.8.0_181.jdk/Contents/Home/jre
12 18, 2020 17:24:18 下午 cn.diytomcat.catalina.Server logJVM
INFO : JVM Version:		1.8.0_181-b13
12 18, 2020 17:24:18 下午 cn.diytomcat.catalina.Server logJVM
INFO : JVM Vendor:		Oracle Corporation
12 18, 2020 17:24:18 下午 cn.diytomcat.catalina.Connector init
INFO : Initializing ProtocolHandler [http-bio-18080]
12 18, 2020 17:24:18 下午 cn.diytomcat.catalina.Connector init
INFO : Initializing ProtocolHandler [http-bio-18081]
12 18, 2020 17:24:18 下午 cn.diytomcat.catalina.Connector init
INFO : Initializing ProtocolHandler [http-bio-18082]
12 18, 2020 17:24:18 下午 cn.diytomcat.catalina.Service init
INFO : Initialization processed in0 ms
12 18, 2020 17:24:18 下午 cn.diytomcat.catalina.Connector start
INFO : Starting ProtocolHandler [http-bio-18080]
12 18, 2020 17:24:18 下午 cn.diytomcat.catalina.Connector start
INFO : Starting ProtocolHandler [http-bio-18081]
12 18, 2020 17:24:18 下午 cn.diytomcat.catalina.Connector start
INFO : Starting ProtocolHandler [http-bio-18082]
12 18, 2020 17:24:18 下午 cn.diytomcat.catalina.Server start
INFO : Server startup in 6 ms
12 18, 2020 17:24:28 下午 cn.diytomcat.catalina.HttpProcessor error
ERROR: this is a deliberately created exception
java.lang.RuntimeException: this is a deliberately created exception
	at cn.diytomcat.servlets.DefaultServlet.service(DefaultServlet.java:34)
	at cn.diytomcat.catalina.HttpProcessor.execute(HttpProcessor.java:37)
	at cn.diytomcat.catalina.Connector$1.run(Connector.java:52)
	at java.util.concurrent.ThreadPoolExecutor.runWorker(ThreadPoolExecutor.java:1149)
	at java.util.concurrent.ThreadPoolExecutor$Worker.run(ThreadPoolExecutor.java:624)
	at java.lang.Thread.run(Thread.java:748)
12 18, 2020 21:54:03 下午 cn.diytomcat.catalina.Context deploy
INFO : Deploying web application directory /Users/yangjingbo/IdeaProjects/DiyTomcat/webapps/j2ee
12 18, 2020 21:54:03 下午 cn.diytomcat.catalina.Context deploy
INFO : Deployment of web application directory /Users/yangjingbo/IdeaProjects/DiyTomcat/webapps/j2ee has finished in 154 ms
12 18, 2020 21:54:03 下午 cn.diytomcat.catalina.Context deploy
INFO : Deploying web application directory /Users/yangjingbo/IdeaProjects/DiyTomcat/webapps/a
12 18, 2020 21:54:03 下午 cn.diytomcat.catalina.Context deploy
INFO : Deployment of web application directory /Users/yangjingbo/IdeaProjects/DiyTomcat/webapps/a has finished in 1 ms
12 18, 2020 21:54:03 下午 cn.diytomcat.catalina.Context deploy
INFO : Deploying web application directory /Users/yangjingbo/IdeaProjects/DiyTomcat/webapps/ROOT
12 18, 2020 21:54:03 下午 cn.diytomcat.catalina.Context deploy
INFO : Deployment of web application directory /Users/yangjingbo/IdeaProjects/DiyTomcat/webapps/ROOT has finished in 1 ms
12 18, 2020 21:54:03 下午 cn.diytomcat.catalina.Context deploy
INFO : Deploying web application directory /Users/yangjingbo/IdeaProjects/DiyTomcat/b
12 18, 2020 21:54:03 下午 cn.diytomcat.catalina.Context deploy
INFO : Deployment of web application directory /Users/yangjingbo/IdeaProjects/DiyTomcat/b has finished in 0 ms
12 18, 2020 21:54:03 下午 cn.diytomcat.catalina.Server logJVM
INFO : Server version:		DiyTomcat/1.0.1
12 18, 2020 21:54:03 下午 cn.diytomcat.catalina.Server logJVM
INFO : Server built:		2020-12-15 10:44:47
12 18, 2020 21:54:03 下午 cn.diytomcat.catalina.Server logJVM
INFO : Server number:		1.0.1
12 18, 2020 21:54:03 下午 cn.diytomcat.catalina.Server logJVM
INFO : OS Name	:		Mac OS X
12 18, 2020 21:54:03 下午 cn.diytomcat.catalina.Server logJVM
INFO : OS Version:		10.16
12 18, 2020 21:54:03 下午 cn.diytomcat.catalina.Server logJVM
INFO : Arichitecture:		x86_64
12 18, 2020 21:54:03 下午 cn.diytomcat.catalina.Server logJVM
INFO : Java Home:		/Library/Java/JavaVirtualMachines/jdk1.8.0_181.jdk/Contents/Home/jre
12 18, 2020 21:54:03 下午 cn.diytomcat.catalina.Server logJVM
INFO : JVM Version:		1.8.0_181-b13
12 18, 2020 21:54:03 下午 cn.diytomcat.catalina.Server logJVM
INFO : JVM Vendor:		Oracle Corporation
12 18, 2020 21:54:03 下午 cn.diytomcat.catalina.Connector init
INFO : Initializing ProtocolHandler [http-bio-18080]
12 18, 2020 21:54:03 下午 cn.diytomcat.catalina.Connector init
INFO : Initializing ProtocolHandler [http-bio-18081]
12 18, 2020 21:54:03 下午 cn.diytomcat.catalina.Connector init
INFO : Initializing ProtocolHandler [http-bio-18082]
12 18, 2020 21:54:03 下午 cn.diytomcat.catalina.Service init
INFO : Initialization processed in1 ms
12 18, 2020 21:54:03 下午 cn.diytomcat.catalina.Connector start
INFO : Starting ProtocolHandler [http-bio-18080]
12 18, 2020 21:54:03 下午 cn.diytomcat.catalina.Connector start
INFO : Starting ProtocolHandler [http-bio-18081]
12 18, 2020 21:54:03 下午 cn.diytomcat.catalina.Connector start
INFO : Starting ProtocolHandler [http-bio-18082]
12 18, 2020 21:54:03 下午 cn.diytomcat.catalina.Server start
INFO : Server startup in 7 ms
12 18, 2020 21:54:37 下午 cn.diytomcat.catalina.Context deploy
INFO : Deploying web application directory /Users/yangjingbo/IdeaProjects/DiyTomcat/webapps/j2ee
12 18, 2020 21:54:37 下午 cn.diytomcat.catalina.Context deploy
INFO : Deployment of web application directory /Users/yangjingbo/IdeaProjects/DiyTomcat/webapps/j2ee has finished in 154 ms
12 18, 2020 21:54:37 下午 cn.diytomcat.catalina.Context deploy
INFO : Deploying web application directory /Users/yangjingbo/IdeaProjects/DiyTomcat/webapps/a
12 18, 2020 21:54:37 下午 cn.diytomcat.catalina.Context deploy
INFO : Deployment of web application directory /Users/yangjingbo/IdeaProjects/DiyTomcat/webapps/a has finished in 0 ms
12 18, 2020 21:54:37 下午 cn.diytomcat.catalina.Context deploy
INFO : Deploying web application directory /Users/yangjingbo/IdeaProjects/DiyTomcat/webapps/ROOT
12 18, 2020 21:54:37 下午 cn.diytomcat.catalina.Context deploy
INFO : Deployment of web application directory /Users/yangjingbo/IdeaProjects/DiyTomcat/webapps/ROOT has finished in 1 ms
12 18, 2020 21:54:37 下午 cn.diytomcat.catalina.Context deploy
INFO : Deploying web application directory /Users/yangjingbo/IdeaProjects/DiyTomcat/b
12 18, 2020 21:54:37 下午 cn.diytomcat.catalina.Context deploy
INFO : Deployment of web application directory /Users/yangjingbo/IdeaProjects/DiyTomcat/b has finished in 1 ms
12 18, 2020 21:54:37 下午 cn.diytomcat.catalina.Server logJVM
INFO : Server version:		DiyTomcat/1.0.1
12 18, 2020 21:54:37 下午 cn.diytomcat.catalina.Server logJVM
INFO : Server built:		2020-12-15 10:44:47
12 18, 2020 21:54:37 下午 cn.diytomcat.catalina.Server logJVM
INFO : Server number:		1.0.1
12 18, 2020 21:54:37 下午 cn.diytomcat.catalina.Server logJVM
INFO : OS Name	:		Mac OS X
12 18, 2020 21:54:37 下午 cn.diytomcat.catalina.Server logJVM
INFO : OS Version:		10.16
12 18, 2020 21:54:37 下午 cn.diytomcat.catalina.Server logJVM
INFO : Arichitecture:		x86_64
12 18, 2020 21:54:37 下午 cn.diytomcat.catalina.Server logJVM
INFO : Java Home:		/Library/Java/JavaVirtualMachines/jdk1.8.0_181.jdk/Contents/Home/jre
12 18, 2020 21:54:37 下午 cn.diytomcat.catalina.Server logJVM
INFO : JVM Version:		1.8.0_181-b13
12 18, 2020 21:54:37 下午 cn.diytomcat.catalina.Server logJVM
INFO : JVM Vendor:		Oracle Corporation
12 18, 2020 21:54:37 下午 cn.diytomcat.catalina.Connector init
INFO : Initializing ProtocolHandler [http-bio-18080]
12 18, 2020 21:54:37 下午 cn.diytomcat.catalina.Connector init
INFO : Initializing ProtocolHandler [http-bio-18081]
12 18, 2020 21:54:37 下午 cn.diytomcat.catalina.Connector init
INFO : Initializing ProtocolHandler [http-bio-18082]
12 18, 2020 21:54:37 下午 cn.diytomcat.catalina.Service init
INFO : Initialization processed in1 ms
12 18, 2020 21:54:37 下午 cn.diytomcat.catalina.Connector start
INFO : Starting ProtocolHandler [http-bio-18080]
12 18, 2020 21:54:37 下午 cn.diytomcat.catalina.Connector start
INFO : Starting ProtocolHandler [http-bio-18081]
12 18, 2020 21:54:37 下午 cn.diytomcat.catalina.Connector start
INFO : Starting ProtocolHandler [http-bio-18082]
12 18, 2020 21:54:37 下午 cn.diytomcat.catalina.Server start
INFO : Server startup in 7 ms
12 18, 2020 21:58:10 下午 cn.diytomcat.catalina.Context deploy
INFO : Deploying web application directory /Users/yangjingbo/IdeaProjects/DiyTomcat/webapps/j2ee
12 18, 2020 21:58:10 下午 cn.diytomcat.catalina.Context deploy
INFO : Deployment of web application directory /Users/yangjingbo/IdeaProjects/DiyTomcat/webapps/j2ee has finished in 191 ms
12 18, 2020 21:58:10 下午 cn.diytomcat.catalina.Context deploy
INFO : Deploying web application directory /Users/yangjingbo/IdeaProjects/DiyTomcat/webapps/a
12 18, 2020 21:58:10 下午 cn.diytomcat.catalina.Context deploy
INFO : Deployment of web application directory /Users/yangjingbo/IdeaProjects/DiyTomcat/webapps/a has finished in 1 ms
12 18, 2020 21:58:10 下午 cn.diytomcat.catalina.Context deploy
INFO : Deploying web application directory /Users/yangjingbo/IdeaProjects/DiyTomcat/webapps/ROOT
12 18, 2020 21:58:10 下午 cn.diytomcat.catalina.Context deploy
INFO : Deployment of web application directory /Users/yangjingbo/IdeaProjects/DiyTomcat/webapps/ROOT has finished in 1 ms
12 18, 2020 21:58:10 下午 cn.diytomcat.catalina.Context deploy
INFO : Deploying web application directory /Users/yangjingbo/IdeaProjects/DiyTomcat/b
12 18, 2020 21:58:10 下午 cn.diytomcat.catalina.Context deploy
INFO : Deployment of web application directory /Users/yangjingbo/IdeaProjects/DiyTomcat/b has finished in 1 ms
12 18, 2020 21:58:10 下午 cn.diytomcat.catalina.Server logJVM
INFO : Server version:		DiyTomcat/1.0.1
12 18, 2020 21:58:10 下午 cn.diytomcat.catalina.Server logJVM
INFO : Server built:		2020-12-15 10:44:47
12 18, 2020 21:58:10 下午 cn.diytomcat.catalina.Server logJVM
INFO : Server number:		1.0.1
12 18, 2020 21:58:10 下午 cn.diytomcat.catalina.Server logJVM
INFO : OS Name	:		Mac OS X
12 18, 2020 21:58:10 下午 cn.diytomcat.catalina.Server logJVM
INFO : OS Version:		10.16
12 18, 2020 21:58:10 下午 cn.diytomcat.catalina.Server logJVM
INFO : Arichitecture:		x86_64
12 18, 2020 21:58:10 下午 cn.diytomcat.catalina.Server logJVM
INFO : Java Home:		/Library/Java/JavaVirtualMachines/jdk1.8.0_181.jdk/Contents/Home/jre
12 18, 2020 21:58:10 下午 cn.diytomcat.catalina.Server logJVM
INFO : JVM Version:		1.8.0_181-b13
12 18, 2020 21:58:10 下午 cn.diytomcat.catalina.Server logJVM
INFO : JVM Vendor:		Oracle Corporation
12 18, 2020 21:58:10 下午 cn.diytomcat.catalina.Connector init
INFO : Initializing ProtocolHandler [http-bio-18080]
12 18, 2020 21:58:10 下午 cn.diytomcat.catalina.Connector init
INFO : Initializing ProtocolHandler [http-bio-18081]
12 18, 2020 21:58:10 下午 cn.diytomcat.catalina.Connector init
INFO : Initializing ProtocolHandler [http-bio-18082]
12 18, 2020 21:58:10 下午 cn.diytomcat.catalina.Service init
INFO : Initialization processed in1 ms
12 18, 2020 21:58:10 下午 cn.diytomcat.catalina.Connector start
INFO : Starting ProtocolHandler [http-bio-18080]
12 18, 2020 21:58:10 下午 cn.diytomcat.catalina.Connector start
INFO : Starting ProtocolHandler [http-bio-18081]
12 18, 2020 21:58:10 下午 cn.diytomcat.catalina.Connector start
INFO : Starting ProtocolHandler [http-bio-18082]
12 18, 2020 21:58:10 下午 cn.diytomcat.catalina.Server start
INFO : Server startup in 7 ms
12 18, 2020 23:08:43 下午 cn.diytomcat.catalina.Context <init>
INFO : Deploying web application directory /Users/yangjingbo/IdeaProjects/DiyTomcat/webapps/j2ee
12 18, 2020 23:08:43 下午 cn.diytomcat.catalina.Context deploy
INFO : Deploying web application directory /Users/yangjingbo/IdeaProjects/DiyTomcat/webapps/j2ee
12 18, 2020 23:08:43 下午 cn.diytomcat.catalina.Context deploy
INFO : Deployment of web application directory /Users/yangjingbo/IdeaProjects/DiyTomcat/webapps/j2ee has finished in 10 ms
12 18, 2020 23:08:43 下午 cn.diytomcat.catalina.Context <init>
INFO : Deployment of web application directory /Users/yangjingbo/IdeaProjects/DiyTomcat/webapps/j2ee has finished in192 ms
12 18, 2020 23:08:43 下午 cn.diytomcat.catalina.Context <init>
INFO : Deploying web application directory /Users/yangjingbo/IdeaProjects/DiyTomcat/webapps/a
12 18, 2020 23:08:43 下午 cn.diytomcat.catalina.Context deploy
INFO : Deploying web application directory /Users/yangjingbo/IdeaProjects/DiyTomcat/webapps/a
12 18, 2020 23:08:43 下午 cn.diytomcat.catalina.Context deploy
INFO : Deployment of web application directory /Users/yangjingbo/IdeaProjects/DiyTomcat/webapps/a has finished in 0 ms
12 18, 2020 23:08:43 下午 cn.diytomcat.catalina.Context <init>
INFO : Deployment of web application directory /Users/yangjingbo/IdeaProjects/DiyTomcat/webapps/a has finished in5 ms
12 18, 2020 23:08:43 下午 cn.diytomcat.catalina.Context <init>
INFO : Deploying web application directory /Users/yangjingbo/IdeaProjects/DiyTomcat/webapps/ROOT
12 18, 2020 23:08:43 下午 cn.diytomcat.catalina.Context deploy
INFO : Deploying web application directory /Users/yangjingbo/IdeaProjects/DiyTomcat/webapps/ROOT
12 18, 2020 23:08:43 下午 cn.diytomcat.catalina.Context deploy
INFO : Deployment of web application directory /Users/yangjingbo/IdeaProjects/DiyTomcat/webapps/ROOT has finished in 0 ms
12 18, 2020 23:08:43 下午 cn.diytomcat.catalina.Context <init>
INFO : Deployment of web application directory /Users/yangjingbo/IdeaProjects/DiyTomcat/webapps/ROOT has finished in4 ms
12 18, 2020 23:08:43 下午 cn.diytomcat.catalina.Context <init>
INFO : Deploying web application directory /Users/yangjingbo/IdeaProjects/DiyTomcat/b
12 18, 2020 23:08:43 下午 cn.diytomcat.catalina.Context deploy
INFO : Deploying web application directory /Users/yangjingbo/IdeaProjects/DiyTomcat/b
12 18, 2020 23:08:43 下午 cn.diytomcat.catalina.Context deploy
INFO : Deployment of web application directory /Users/yangjingbo/IdeaProjects/DiyTomcat/b has finished in 0 ms
12 18, 2020 23:08:43 下午 cn.diytomcat.catalina.Context <init>
INFO : Deployment of web application directory /Users/yangjingbo/IdeaProjects/DiyTomcat/b has finished in4 ms
12 18, 2020 23:08:43 下午 cn.diytomcat.catalina.Context <init>
INFO : Deploying web application directory /Users/yangjingbo/IdeaProjects/DiyTomcat/javaweb/web
12 18, 2020 23:08:43 下午 cn.diytomcat.catalina.Context deploy
INFO : Deploying web application directory /Users/yangjingbo/IdeaProjects/DiyTomcat/javaweb/web
12 18, 2020 23:08:43 下午 cn.diytomcat.catalina.Context deploy
INFO : Deployment of web application directory /Users/yangjingbo/IdeaProjects/DiyTomcat/javaweb/web has finished in 0 ms
12 18, 2020 23:08:43 下午 cn.diytomcat.catalina.Context <init>
INFO : Deployment of web application directory /Users/yangjingbo/IdeaProjects/DiyTomcat/javaweb/web has finished in3 ms
12 18, 2020 23:08:43 下午 cn.diytomcat.catalina.Server logJVM
INFO : Server version:		DiyTomcat/1.0.1
12 18, 2020 23:08:43 下午 cn.diytomcat.catalina.Server logJVM
INFO : Server built:		2020-12-15 10:44:47
12 18, 2020 23:08:43 下午 cn.diytomcat.catalina.Server logJVM
INFO : Server number:		1.0.1
12 18, 2020 23:08:43 下午 cn.diytomcat.catalina.Server logJVM
INFO : OS Name	:		Mac OS X
12 18, 2020 23:08:43 下午 cn.diytomcat.catalina.Server logJVM
INFO : OS Version:		10.16
12 18, 2020 23:08:43 下午 cn.diytomcat.catalina.Server logJVM
INFO : Arichitecture:		x86_64
12 18, 2020 23:08:43 下午 cn.diytomcat.catalina.Server logJVM
INFO : Java Home:		/Library/Java/JavaVirtualMachines/jdk1.8.0_181.jdk/Contents/Home/jre
12 18, 2020 23:08:43 下午 cn.diytomcat.catalina.Server logJVM
INFO : JVM Version:		1.8.0_181-b13
12 18, 2020 23:08:43 下午 cn.diytomcat.catalina.Server logJVM
INFO : JVM Vendor:		Oracle Corporation
12 18, 2020 23:08:43 下午 cn.diytomcat.catalina.Connector init
INFO : Initializing ProtocolHandler [http-bio-18080]
12 18, 2020 23:08:43 下午 cn.diytomcat.catalina.Connector init
INFO : Initializing ProtocolHandler [http-bio-18081]
12 18, 2020 23:08:43 下午 cn.diytomcat.catalina.Connector init
INFO : Initializing ProtocolHandler [http-bio-18082]
12 18, 2020 23:08:43 下午 cn.diytomcat.catalina.Service init
INFO : Initialization processed in1 ms
12 18, 2020 23:08:43 下午 cn.diytomcat.catalina.Connector start
INFO : Starting ProtocolHandler [http-bio-18080]
12 18, 2020 23:08:43 下午 cn.diytomcat.catalina.Connector start
INFO : Starting ProtocolHandler [http-bio-18081]
12 18, 2020 23:08:43 下午 cn.diytomcat.catalina.Connector start
INFO : Starting ProtocolHandler [http-bio-18082]
12 18, 2020 23:08:43 下午 cn.diytomcat.catalina.Server start
INFO : Server startup in 14 ms
12 18, 2020 23:09:39 下午 cn.diytomcat.catalina.HttpProcessor error
ERROR: this is a deliberately created exception
java.lang.RuntimeException: this is a deliberately created exception
	at cn.diytomcat.servlets.DefaultServlet.service(DefaultServlet.java:34)
	at cn.diytomcat.catalina.HttpProcessor.execute(HttpProcessor.java:37)
	at cn.diytomcat.catalina.Connector$1.run(Connector.java:52)
	at java.util.concurrent.ThreadPoolExecutor.runWorker(ThreadPoolExecutor.java:1149)
	at java.util.concurrent.ThreadPoolExecutor$Worker.run(ThreadPoolExecutor.java:624)
	at java.lang.Thread.run(Thread.java:748)
12 18, 2020 23:11:25 下午 cn.diytomcat.catalina.Context <init>
INFO : Deploying web application directory /Users/yangjingbo/IdeaProjects/DiyTomcat/webapps/j2ee
12 18, 2020 23:11:25 下午 cn.diytomcat.catalina.Context deploy
INFO : Deploying web application directory /Users/yangjingbo/IdeaProjects/DiyTomcat/webapps/j2ee
12 18, 2020 23:11:25 下午 cn.diytomcat.catalina.Context deploy
INFO : Deployment of web application directory /Users/yangjingbo/IdeaProjects/DiyTomcat/webapps/j2ee has finished in 7 ms
12 18, 2020 23:11:25 下午 cn.diytomcat.catalina.Context <init>
INFO : Deployment of web application directory /Users/yangjingbo/IdeaProjects/DiyTomcat/webapps/j2ee has finished in158 ms
12 18, 2020 23:11:25 下午 cn.diytomcat.catalina.Context <init>
INFO : Deploying web application directory /Users/yangjingbo/IdeaProjects/DiyTomcat/webapps/a
12 18, 2020 23:11:25 下午 cn.diytomcat.catalina.Context deploy
INFO : Deploying web application directory /Users/yangjingbo/IdeaProjects/DiyTomcat/webapps/a
12 18, 2020 23:11:25 下午 cn.diytomcat.catalina.Context deploy
INFO : Deployment of web application directory /Users/yangjingbo/IdeaProjects/DiyTomcat/webapps/a has finished in 1 ms
12 18, 2020 23:11:25 下午 cn.diytomcat.catalina.Context <init>
INFO : Deployment of web application directory /Users/yangjingbo/IdeaProjects/DiyTomcat/webapps/a has finished in3 ms
12 18, 2020 23:11:25 下午 cn.diytomcat.catalina.Context <init>
INFO : Deploying web application directory /Users/yangjingbo/IdeaProjects/DiyTomcat/webapps/ROOT
12 18, 2020 23:11:25 下午 cn.diytomcat.catalina.Context deploy
INFO : Deploying web application directory /Users/yangjingbo/IdeaProjects/DiyTomcat/webapps/ROOT
12 18, 2020 23:11:25 下午 cn.diytomcat.catalina.Context deploy
INFO : Deployment of web application directory /Users/yangjingbo/IdeaProjects/DiyTomcat/webapps/ROOT has finished in 0 ms
12 18, 2020 23:11:25 下午 cn.diytomcat.catalina.Context <init>
INFO : Deployment of web application directory /Users/yangjingbo/IdeaProjects/DiyTomcat/webapps/ROOT has finished in3 ms
12 18, 2020 23:11:25 下午 cn.diytomcat.catalina.Context <init>
INFO : Deploying web application directory /Users/yangjingbo/IdeaProjects/DiyTomcat/b
12 18, 2020 23:11:25 下午 cn.diytomcat.catalina.Context deploy
INFO : Deploying web application directory /Users/yangjingbo/IdeaProjects/DiyTomcat/b
12 18, 2020 23:11:25 下午 cn.diytomcat.catalina.Context deploy
INFO : Deployment of web application directory /Users/yangjingbo/IdeaProjects/DiyTomcat/b has finished in 1 ms
12 18, 2020 23:11:25 下午 cn.diytomcat.catalina.Context <init>
INFO : Deployment of web application directory /Users/yangjingbo/IdeaProjects/DiyTomcat/b has finished in3 ms
12 18, 2020 23:11:25 下午 cn.diytomcat.catalina.Context <init>
INFO : Deploying web application directory /Users/yangjingbo/IdeaProjects/DiyTomcat/javaweb/web
12 18, 2020 23:11:25 下午 cn.diytomcat.catalina.Context deploy
INFO : Deploying web application directory /Users/yangjingbo/IdeaProjects/DiyTomcat/javaweb/web
12 18, 2020 23:11:25 下午 cn.diytomcat.catalina.Context deploy
INFO : Deployment of web application directory /Users/yangjingbo/IdeaProjects/DiyTomcat/javaweb/web has finished in 0 ms
12 18, 2020 23:11:25 下午 cn.diytomcat.catalina.Context <init>
INFO : Deployment of web application directory /Users/yangjingbo/IdeaProjects/DiyTomcat/javaweb/web has finished in2 ms
12 18, 2020 23:11:25 下午 cn.diytomcat.catalina.Server logJVM
INFO : Server version:		DiyTomcat/1.0.1
12 18, 2020 23:11:25 下午 cn.diytomcat.catalina.Server logJVM
INFO : Server built:		2020-12-15 10:44:47
12 18, 2020 23:11:25 下午 cn.diytomcat.catalina.Server logJVM
INFO : Server number:		1.0.1
12 18, 2020 23:11:25 下午 cn.diytomcat.catalina.Server logJVM
INFO : OS Name	:		Mac OS X
12 18, 2020 23:11:25 下午 cn.diytomcat.catalina.Server logJVM
INFO : OS Version:		10.16
12 18, 2020 23:11:25 下午 cn.diytomcat.catalina.Server logJVM
INFO : Arichitecture:		x86_64
12 18, 2020 23:11:25 下午 cn.diytomcat.catalina.Server logJVM
INFO : Java Home:		/Library/Java/JavaVirtualMachines/jdk1.8.0_181.jdk/Contents/Home/jre
12 18, 2020 23:11:25 下午 cn.diytomcat.catalina.Server logJVM
INFO : JVM Version:		1.8.0_181-b13
12 18, 2020 23:11:25 下午 cn.diytomcat.catalina.Server logJVM
INFO : JVM Vendor:		Oracle Corporation
12 18, 2020 23:11:25 下午 cn.diytomcat.catalina.Connector init
INFO : Initializing ProtocolHandler [http-bio-18080]
12 18, 2020 23:11:25 下午 cn.diytomcat.catalina.Connector init
INFO : Initializing ProtocolHandler [http-bio-18081]
12 18, 2020 23:11:25 下午 cn.diytomcat.catalina.Connector init
INFO : Initializing ProtocolHandler [http-bio-18082]
12 18, 2020 23:11:25 下午 cn.diytomcat.catalina.Service init
INFO : Initialization processed in1 ms
12 18, 2020 23:11:25 下午 cn.diytomcat.catalina.Connector start
INFO : Starting ProtocolHandler [http-bio-18080]
12 18, 2020 23:11:25 下午 cn.diytomcat.catalina.Connector start
INFO : Starting ProtocolHandler [http-bio-18081]
12 18, 2020 23:11:25 下午 cn.diytomcat.catalina.Connector start
INFO : Starting ProtocolHandler [http-bio-18082]
12 18, 2020 23:11:25 下午 cn.diytomcat.catalina.Server start
INFO : Server startup in 11 ms
12 18, 2020 23:11:39 下午 cn.diytomcat.catalina.HttpProcessor error
ERROR: this is a deliberately created exception
java.lang.RuntimeException: this is a deliberately created exception
	at cn.diytomcat.servlets.DefaultServlet.service(DefaultServlet.java:34)
	at cn.diytomcat.catalina.HttpProcessor.execute(HttpProcessor.java:37)
	at cn.diytomcat.catalina.Connector$1.run(Connector.java:52)
	at java.util.concurrent.ThreadPoolExecutor.runWorker(ThreadPoolExecutor.java:1149)
	at java.util.concurrent.ThreadPoolExecutor$Worker.run(ThreadPoolExecutor.java:624)
	at java.lang.Thread.run(Thread.java:748)
12 18, 2020 23:15:03 下午 cn.diytomcat.catalina.Context <init>
INFO : Deploying web application directory /Users/yangjingbo/IdeaProjects/DiyTomcat/webapps/j2ee
12 18, 2020 23:15:03 下午 cn.diytomcat.catalina.Context deploy
INFO : Deploying web application directory /Users/yangjingbo/IdeaProjects/DiyTomcat/webapps/j2ee
12 18, 2020 23:15:03 下午 cn.diytomcat.catalina.Context deploy
INFO : Deployment of web application directory /Users/yangjingbo/IdeaProjects/DiyTomcat/webapps/j2ee has finished in 8 ms
12 18, 2020 23:15:03 下午 cn.diytomcat.catalina.Context <init>
INFO : Deployment of web application directory /Users/yangjingbo/IdeaProjects/DiyTomcat/webapps/j2ee has finished in152 ms
12 18, 2020 23:15:03 下午 cn.diytomcat.catalina.Context <init>
INFO : Deploying web application directory /Users/yangjingbo/IdeaProjects/DiyTomcat/webapps/a
12 18, 2020 23:15:03 下午 cn.diytomcat.catalina.Context deploy
INFO : Deploying web application directory /Users/yangjingbo/IdeaProjects/DiyTomcat/webapps/a
12 18, 2020 23:15:03 下午 cn.diytomcat.catalina.Context deploy
INFO : Deployment of web application directory /Users/yangjingbo/IdeaProjects/DiyTomcat/webapps/a has finished in 1 ms
12 18, 2020 23:15:03 下午 cn.diytomcat.catalina.Context <init>
INFO : Deployment of web application directory /Users/yangjingbo/IdeaProjects/DiyTomcat/webapps/a has finished in3 ms
12 18, 2020 23:15:03 下午 cn.diytomcat.catalina.Context <init>
INFO : Deploying web application directory /Users/yangjingbo/IdeaProjects/DiyTomcat/webapps/ROOT
12 18, 2020 23:15:03 下午 cn.diytomcat.catalina.Context deploy
INFO : Deploying web application directory /Users/yangjingbo/IdeaProjects/DiyTomcat/webapps/ROOT
12 18, 2020 23:15:03 下午 cn.diytomcat.catalina.Context deploy
INFO : Deployment of web application directory /Users/yangjingbo/IdeaProjects/DiyTomcat/webapps/ROOT has finished in 1 ms
12 18, 2020 23:15:03 下午 cn.diytomcat.catalina.Context <init>
INFO : Deployment of web application directory /Users/yangjingbo/IdeaProjects/DiyTomcat/webapps/ROOT has finished in2 ms
12 18, 2020 23:15:03 下午 cn.diytomcat.catalina.Context <init>
INFO : Deploying web application directory /Users/yangjingbo/IdeaProjects/DiyTomcat/b
12 18, 2020 23:15:03 下午 cn.diytomcat.catalina.Context deploy
INFO : Deploying web application directory /Users/yangjingbo/IdeaProjects/DiyTomcat/b
12 18, 2020 23:15:03 下午 cn.diytomcat.catalina.Context deploy
INFO : Deployment of web application directory /Users/yangjingbo/IdeaProjects/DiyTomcat/b has finished in 0 ms
12 18, 2020 23:15:03 下午 cn.diytomcat.catalina.Context <init>
INFO : Deployment of web application directory /Users/yangjingbo/IdeaProjects/DiyTomcat/b has finished in3 ms
12 18, 2020 23:15:03 下午 cn.diytomcat.catalina.Context <init>
INFO : Deploying web application directory /Users/yangjingbo/IdeaProjects/DiyTomcat/javaweb/web
12 18, 2020 23:15:03 下午 cn.diytomcat.catalina.Context deploy
INFO : Deploying web application directory /Users/yangjingbo/IdeaProjects/DiyTomcat/javaweb/web
12 18, 2020 23:15:03 下午 cn.diytomcat.catalina.Context deploy
INFO : Deployment of web application directory /Users/yangjingbo/IdeaProjects/DiyTomcat/javaweb/web has finished in 0 ms
12 18, 2020 23:15:03 下午 cn.diytomcat.catalina.Context <init>
INFO : Deployment of web application directory /Users/yangjingbo/IdeaProjects/DiyTomcat/javaweb/web has finished in1 ms
12 18, 2020 23:15:03 下午 cn.diytomcat.catalina.Server logJVM
INFO : Server version:		DiyTomcat/1.0.1
12 18, 2020 23:15:03 下午 cn.diytomcat.catalina.Server logJVM
INFO : Server built:		2020-12-15 10:44:47
12 18, 2020 23:15:03 下午 cn.diytomcat.catalina.Server logJVM
INFO : Server number:		1.0.1
12 18, 2020 23:15:03 下午 cn.diytomcat.catalina.Server logJVM
INFO : OS Name	:		Mac OS X
12 18, 2020 23:15:03 下午 cn.diytomcat.catalina.Server logJVM
INFO : OS Version:		10.16
12 18, 2020 23:15:03 下午 cn.diytomcat.catalina.Server logJVM
INFO : Arichitecture:		x86_64
12 18, 2020 23:15:03 下午 cn.diytomcat.catalina.Server logJVM
INFO : Java Home:		/Library/Java/JavaVirtualMachines/jdk1.8.0_181.jdk/Contents/Home/jre
12 18, 2020 23:15:03 下午 cn.diytomcat.catalina.Server logJVM
INFO : JVM Version:		1.8.0_181-b13
12 18, 2020 23:15:03 下午 cn.diytomcat.catalina.Server logJVM
INFO : JVM Vendor:		Oracle Corporation
12 18, 2020 23:15:03 下午 cn.diytomcat.catalina.Connector init
INFO : Initializing ProtocolHandler [http-bio-18080]
12 18, 2020 23:15:03 下午 cn.diytomcat.catalina.Connector init
INFO : Initializing ProtocolHandler [http-bio-18081]
12 18, 2020 23:15:03 下午 cn.diytomcat.catalina.Connector init
INFO : Initializing ProtocolHandler [http-bio-18082]
12 18, 2020 23:15:03 下午 cn.diytomcat.catalina.Service init
INFO : Initialization processed in2 ms
12 18, 2020 23:15:03 下午 cn.diytomcat.catalina.Connector start
INFO : Starting ProtocolHandler [http-bio-18080]
12 18, 2020 23:15:03 下午 cn.diytomcat.catalina.Connector start
INFO : Starting ProtocolHandler [http-bio-18081]
12 18, 2020 23:15:03 下午 cn.diytomcat.catalina.Connector start
INFO : Starting ProtocolHandler [http-bio-18082]
12 18, 2020 23:15:03 下午 cn.diytomcat.catalina.Server start
INFO : Server startup in 6 ms
12 18, 2020 23:16:27 下午 cn.diytomcat.catalina.Context <init>
INFO : Deploying web application directory /Users/yangjingbo/IdeaProjects/DiyTomcat/webapps/j2ee
12 18, 2020 23:16:27 下午 cn.diytomcat.catalina.Context deploy
INFO : Deploying web application directory /Users/yangjingbo/IdeaProjects/DiyTomcat/webapps/j2ee
12 18, 2020 23:16:27 下午 cn.diytomcat.catalina.Context deploy
INFO : Deployment of web application directory /Users/yangjingbo/IdeaProjects/DiyTomcat/webapps/j2ee has finished in 9 ms
12 18, 2020 23:16:27 下午 cn.diytomcat.catalina.Context <init>
INFO : Deployment of web application directory /Users/yangjingbo/IdeaProjects/DiyTomcat/webapps/j2ee has finished in166 ms
12 18, 2020 23:16:27 下午 cn.diytomcat.catalina.Context <init>
INFO : Deploying web application directory /Users/yangjingbo/IdeaProjects/DiyTomcat/webapps/a
12 18, 2020 23:16:27 下午 cn.diytomcat.catalina.Context deploy
INFO : Deploying web application directory /Users/yangjingbo/IdeaProjects/DiyTomcat/webapps/a
12 18, 2020 23:16:27 下午 cn.diytomcat.catalina.Context deploy
INFO : Deployment of web application directory /Users/yangjingbo/IdeaProjects/DiyTomcat/webapps/a has finished in 1 ms
12 18, 2020 23:16:27 下午 cn.diytomcat.catalina.Context <init>
INFO : Deployment of web application directory /Users/yangjingbo/IdeaProjects/DiyTomcat/webapps/a has finished in3 ms
12 18, 2020 23:16:27 下午 cn.diytomcat.catalina.Context <init>
INFO : Deploying web application directory /Users/yangjingbo/IdeaProjects/DiyTomcat/webapps/ROOT
12 18, 2020 23:16:27 下午 cn.diytomcat.catalina.Context deploy
INFO : Deploying web application directory /Users/yangjingbo/IdeaProjects/DiyTomcat/webapps/ROOT
12 18, 2020 23:16:27 下午 cn.diytomcat.catalina.Context deploy
INFO : Deployment of web application directory /Users/yangjingbo/IdeaProjects/DiyTomcat/webapps/ROOT has finished in 0 ms
12 18, 2020 23:16:27 下午 cn.diytomcat.catalina.Context <init>
INFO : Deployment of web application directory /Users/yangjingbo/IdeaProjects/DiyTomcat/webapps/ROOT has finished in3 ms
12 18, 2020 23:16:27 下午 cn.diytomcat.catalina.Context <init>
INFO : Deploying web application directory /Users/yangjingbo/IdeaProjects/DiyTomcat/b
12 18, 2020 23:16:27 下午 cn.diytomcat.catalina.Context deploy
INFO : Deploying web application directory /Users/yangjingbo/IdeaProjects/DiyTomcat/b
12 18, 2020 23:16:27 下午 cn.diytomcat.catalina.Context deploy
INFO : Deployment of web application directory /Users/yangjingbo/IdeaProjects/DiyTomcat/b has finished in 0 ms
12 18, 2020 23:16:27 下午 cn.diytomcat.catalina.Context <init>
INFO : Deployment of web application directory /Users/yangjingbo/IdeaProjects/DiyTomcat/b has finished in1 ms
12 18, 2020 23:16:27 下午 cn.diytomcat.catalina.Context <init>
INFO : Deploying web application directory /Users/yangjingbo/IdeaProjects/DiyTomcat/javaweb/web
12 18, 2020 23:16:27 下午 cn.diytomcat.catalina.Context deploy
INFO : Deploying web application directory /Users/yangjingbo/IdeaProjects/DiyTomcat/javaweb/web
12 18, 2020 23:16:27 下午 cn.diytomcat.catalina.Context deploy
INFO : Deployment of web application directory /Users/yangjingbo/IdeaProjects/DiyTomcat/javaweb/web has finished in 0 ms
12 18, 2020 23:16:27 下午 cn.diytomcat.catalina.Context <init>
INFO : Deployment of web application directory /Users/yangjingbo/IdeaProjects/DiyTomcat/javaweb/web has finished in1 ms
12 18, 2020 23:16:27 下午 cn.diytomcat.catalina.Server logJVM
INFO : Server version:		DiyTomcat/1.0.1
12 18, 2020 23:16:27 下午 cn.diytomcat.catalina.Server logJVM
INFO : Server built:		2020-12-15 10:44:47
12 18, 2020 23:16:27 下午 cn.diytomcat.catalina.Server logJVM
INFO : Server number:		1.0.1
12 18, 2020 23:16:27 下午 cn.diytomcat.catalina.Server logJVM
INFO : OS Name	:		Mac OS X
12 18, 2020 23:16:27 下午 cn.diytomcat.catalina.Server logJVM
INFO : OS Version:		10.16
12 18, 2020 23:16:27 下午 cn.diytomcat.catalina.Server logJVM
INFO : Arichitecture:		x86_64
12 18, 2020 23:16:27 下午 cn.diytomcat.catalina.Server logJVM
INFO : Java Home:		/Library/Java/JavaVirtualMachines/jdk1.8.0_181.jdk/Contents/Home/jre
12 18, 2020 23:16:27 下午 cn.diytomcat.catalina.Server logJVM
INFO : JVM Version:		1.8.0_181-b13
12 18, 2020 23:16:27 下午 cn.diytomcat.catalina.Server logJVM
INFO : JVM Vendor:		Oracle Corporation
12 18, 2020 23:16:27 下午 cn.diytomcat.catalina.Connector init
INFO : Initializing ProtocolHandler [http-bio-18080]
12 18, 2020 23:16:27 下午 cn.diytomcat.catalina.Connector init
INFO : Initializing ProtocolHandler [http-bio-18081]
12 18, 2020 23:16:27 下午 cn.diytomcat.catalina.Connector init
INFO : Initializing ProtocolHandler [http-bio-18082]
12 18, 2020 23:16:27 下午 cn.diytomcat.catalina.Service init
INFO : Initialization processed in4 ms
12 18, 2020 23:16:27 下午 cn.diytomcat.catalina.Connector start
INFO : Starting ProtocolHandler [http-bio-18080]
12 18, 2020 23:16:27 下午 cn.diytomcat.catalina.Connector start
INFO : Starting ProtocolHandler [http-bio-18081]
12 18, 2020 23:16:27 下午 cn.diytomcat.catalina.Connector start
INFO : Starting ProtocolHandler [http-bio-18082]
12 18, 2020 23:16:27 下午 cn.diytomcat.catalina.Server start
INFO : Server startup in 9 ms
12 18, 2020 23:16:50 下午 cn.diytomcat.catalina.HttpProcessor error
ERROR: this is a deliberately created exception
java.lang.RuntimeException: this is a deliberately created exception
	at cn.diytomcat.servlets.DefaultServlet.service(DefaultServlet.java:34)
	at cn.diytomcat.catalina.HttpProcessor.execute(HttpProcessor.java:37)
	at cn.diytomcat.catalina.Connector$1.run(Connector.java:52)
	at java.util.concurrent.ThreadPoolExecutor.runWorker(ThreadPoolExecutor.java:1149)
	at java.util.concurrent.ThreadPoolExecutor$Worker.run(ThreadPoolExecutor.java:624)
	at java.lang.Thread.run(Thread.java:748)
12 18, 2020 23:25:08 下午 cn.diytomcat.catalina.Context <init>
INFO : Deploying web application directory /Users/yangjingbo/IdeaProjects/DiyTomcat/webapps/j2ee
12 18, 2020 23:25:08 下午 cn.diytomcat.catalina.Context deploy
INFO : Deploying web application directory /Users/yangjingbo/IdeaProjects/DiyTomcat/webapps/j2ee
12 18, 2020 23:25:08 下午 cn.diytomcat.catalina.Context deploy
INFO : Deployment of web application directory /Users/yangjingbo/IdeaProjects/DiyTomcat/webapps/j2ee has finished in 11 ms
12 18, 2020 23:25:08 下午 cn.diytomcat.catalina.Context <init>
INFO : Deployment of web application directory /Users/yangjingbo/IdeaProjects/DiyTomcat/webapps/j2ee has finished in150 ms
12 18, 2020 23:25:08 下午 cn.diytomcat.catalina.Context <init>
INFO : Deploying web application directory /Users/yangjingbo/IdeaProjects/DiyTomcat/webapps/a
12 18, 2020 23:25:08 下午 cn.diytomcat.catalina.Context deploy
INFO : Deploying web application directory /Users/yangjingbo/IdeaProjects/DiyTomcat/webapps/a
12 18, 2020 23:25:08 下午 cn.diytomcat.catalina.Context deploy
INFO : Deployment of web application directory /Users/yangjingbo/IdeaProjects/DiyTomcat/webapps/a has finished in 0 ms
12 18, 2020 23:25:08 下午 cn.diytomcat.catalina.Context <init>
INFO : Deployment of web application directory /Users/yangjingbo/IdeaProjects/DiyTomcat/webapps/a has finished in4 ms
12 18, 2020 23:25:08 下午 cn.diytomcat.catalina.Context <init>
INFO : Deploying web application directory /Users/yangjingbo/IdeaProjects/DiyTomcat/webapps/ROOT
12 18, 2020 23:25:08 下午 cn.diytomcat.catalina.Context deploy
INFO : Deploying web application directory /Users/yangjingbo/IdeaProjects/DiyTomcat/webapps/ROOT
12 18, 2020 23:25:08 下午 cn.diytomcat.catalina.Context deploy
INFO : Deployment of web application directory /Users/yangjingbo/IdeaProjects/DiyTomcat/webapps/ROOT has finished in 0 ms
12 18, 2020 23:25:08 下午 cn.diytomcat.catalina.Context <init>
INFO : Deployment of web application directory /Users/yangjingbo/IdeaProjects/DiyTomcat/webapps/ROOT has finished in2 ms
12 18, 2020 23:25:08 下午 cn.diytomcat.catalina.Context <init>
INFO : Deploying web application directory /Users/yangjingbo/IdeaProjects/DiyTomcat/b
12 18, 2020 23:25:08 下午 cn.diytomcat.catalina.Context deploy
INFO : Deploying web application directory /Users/yangjingbo/IdeaProjects/DiyTomcat/b
12 18, 2020 23:25:08 下午 cn.diytomcat.catalina.Context deploy
INFO : Deployment of web application directory /Users/yangjingbo/IdeaProjects/DiyTomcat/b has finished in 1 ms
12 18, 2020 23:25:08 下午 cn.diytomcat.catalina.Context <init>
INFO : Deployment of web application directory /Users/yangjingbo/IdeaProjects/DiyTomcat/b has finished in3 ms
12 18, 2020 23:25:08 下午 cn.diytomcat.catalina.Context <init>
INFO : Deploying web application directory /Users/yangjingbo/IdeaProjects/DiyTomcat/javaweb/web
12 18, 2020 23:25:08 下午 cn.diytomcat.catalina.Context deploy
INFO : Deploying web application directory /Users/yangjingbo/IdeaProjects/DiyTomcat/javaweb/web
12 18, 2020 23:25:08 下午 cn.diytomcat.catalina.Context deploy
INFO : Deployment of web application directory /Users/yangjingbo/IdeaProjects/DiyTomcat/javaweb/web has finished in 0 ms
12 18, 2020 23:25:08 下午 cn.diytomcat.catalina.Context <init>
INFO : Deployment of web application directory /Users/yangjingbo/IdeaProjects/DiyTomcat/javaweb/web has finished in2 ms
12 18, 2020 23:25:08 下午 cn.diytomcat.catalina.Server logJVM
INFO : Server version:		DiyTomcat/1.0.1
12 18, 2020 23:25:08 下午 cn.diytomcat.catalina.Server logJVM
INFO : Server built:		2020-12-15 10:44:47
12 18, 2020 23:25:08 下午 cn.diytomcat.catalina.Server logJVM
INFO : Server number:		1.0.1
12 18, 2020 23:25:08 下午 cn.diytomcat.catalina.Server logJVM
INFO : OS Name	:		Mac OS X
12 18, 2020 23:25:08 下午 cn.diytomcat.catalina.Server logJVM
INFO : OS Version:		10.16
12 18, 2020 23:25:08 下午 cn.diytomcat.catalina.Server logJVM
INFO : Arichitecture:		x86_64
12 18, 2020 23:25:08 下午 cn.diytomcat.catalina.Server logJVM
INFO : Java Home:		/Library/Java/JavaVirtualMachines/jdk1.8.0_181.jdk/Contents/Home/jre
12 18, 2020 23:25:08 下午 cn.diytomcat.catalina.Server logJVM
INFO : JVM Version:		1.8.0_181-b13
12 18, 2020 23:25:08 下午 cn.diytomcat.catalina.Server logJVM
INFO : JVM Vendor:		Oracle Corporation
12 18, 2020 23:25:08 下午 cn.diytomcat.catalina.Connector init
INFO : Initializing ProtocolHandler [http-bio-18080]
12 18, 2020 23:25:08 下午 cn.diytomcat.catalina.Connector init
INFO : Initializing ProtocolHandler [http-bio-18081]
12 18, 2020 23:25:08 下午 cn.diytomcat.catalina.Connector init
INFO : Initializing ProtocolHandler [http-bio-18082]
12 18, 2020 23:25:08 下午 cn.diytomcat.catalina.Service init
INFO : Initialization processed in4 ms
12 18, 2020 23:25:08 下午 cn.diytomcat.catalina.Connector start
INFO : Starting ProtocolHandler [http-bio-18080]
12 18, 2020 23:25:08 下午 cn.diytomcat.catalina.Connector start
INFO : Starting ProtocolHandler [http-bio-18081]
12 18, 2020 23:25:08 下午 cn.diytomcat.catalina.Connector start
INFO : Starting ProtocolHandler [http-bio-18082]
12 18, 2020 23:25:08 下午 cn.diytomcat.catalina.Server start
INFO : Server startup in 9 ms
12 18, 2020 23:25:14 下午 cn.diytomcat.catalina.HttpProcessor error
ERROR: this is a deliberately created exception
java.lang.RuntimeException: this is a deliberately created exception
	at cn.diytomcat.servlets.DefaultServlet.service(DefaultServlet.java:38)
	at cn.diytomcat.catalina.HttpProcessor.execute(HttpProcessor.java:37)
	at cn.diytomcat.catalina.Connector$1.run(Connector.java:52)
	at java.util.concurrent.ThreadPoolExecutor.runWorker(ThreadPoolExecutor.java:1149)
	at java.util.concurrent.ThreadPoolExecutor$Worker.run(ThreadPoolExecutor.java:624)
	at java.lang.Thread.run(Thread.java:748)
12 18, 2020 23:32:52 下午 cn.diytomcat.catalina.Context <init>
INFO : Deploying web application directory /Users/yangjingbo/IdeaProjects/DiyTomcat/webapps/j2ee
12 18, 2020 23:32:52 下午 cn.diytomcat.catalina.Context deploy
INFO : Deploying web application directory /Users/yangjingbo/IdeaProjects/DiyTomcat/webapps/j2ee
12 18, 2020 23:32:52 下午 cn.diytomcat.catalina.Context deploy
INFO : Deployment of web application directory /Users/yangjingbo/IdeaProjects/DiyTomcat/webapps/j2ee has finished in 7 ms
12 18, 2020 23:32:52 下午 cn.diytomcat.catalina.Context <init>
INFO : Deployment of web application directory /Users/yangjingbo/IdeaProjects/DiyTomcat/webapps/j2ee has finished in155 ms
12 18, 2020 23:32:52 下午 cn.diytomcat.catalina.Context <init>
INFO : Deploying web application directory /Users/yangjingbo/IdeaProjects/DiyTomcat/webapps/a
12 18, 2020 23:32:52 下午 cn.diytomcat.catalina.Context deploy
INFO : Deploying web application directory /Users/yangjingbo/IdeaProjects/DiyTomcat/webapps/a
12 18, 2020 23:32:52 下午 cn.diytomcat.catalina.Context deploy
INFO : Deployment of web application directory /Users/yangjingbo/IdeaProjects/DiyTomcat/webapps/a has finished in 0 ms
12 18, 2020 23:32:52 下午 cn.diytomcat.catalina.Context <init>
INFO : Deployment of web application directory /Users/yangjingbo/IdeaProjects/DiyTomcat/webapps/a has finished in4 ms
12 18, 2020 23:32:52 下午 cn.diytomcat.catalina.Context <init>
INFO : Deploying web application directory /Users/yangjingbo/IdeaProjects/DiyTomcat/webapps/ROOT
12 18, 2020 23:32:52 下午 cn.diytomcat.catalina.Context deploy
INFO : Deploying web application directory /Users/yangjingbo/IdeaProjects/DiyTomcat/webapps/ROOT
12 18, 2020 23:32:52 下午 cn.diytomcat.catalina.Context deploy
INFO : Deployment of web application directory /Users/yangjingbo/IdeaProjects/DiyTomcat/webapps/ROOT has finished in 1 ms
12 18, 2020 23:32:52 下午 cn.diytomcat.catalina.Context <init>
INFO : Deployment of web application directory /Users/yangjingbo/IdeaProjects/DiyTomcat/webapps/ROOT has finished in2 ms
12 18, 2020 23:32:52 下午 cn.diytomcat.catalina.Context <init>
INFO : Deploying web application directory /Users/yangjingbo/IdeaProjects/DiyTomcat/b
12 18, 2020 23:32:52 下午 cn.diytomcat.catalina.Context deploy
INFO : Deploying web application directory /Users/yangjingbo/IdeaProjects/DiyTomcat/b
12 18, 2020 23:32:52 下午 cn.diytomcat.catalina.Context deploy
INFO : Deployment of web application directory /Users/yangjingbo/IdeaProjects/DiyTomcat/b has finished in 1 ms
12 18, 2020 23:32:52 下午 cn.diytomcat.catalina.Context <init>
INFO : Deployment of web application directory /Users/yangjingbo/IdeaProjects/DiyTomcat/b has finished in3 ms
12 18, 2020 23:32:52 下午 cn.diytomcat.catalina.Context <init>
INFO : Deploying web application directory /Users/yangjingbo/IdeaProjects/DiyTomcat/javaweb/web
12 18, 2020 23:32:52 下午 cn.diytomcat.catalina.Context deploy
INFO : Deploying web application directory /Users/yangjingbo/IdeaProjects/DiyTomcat/javaweb/web
12 18, 2020 23:32:52 下午 cn.diytomcat.catalina.Context deploy
INFO : Deployment of web application directory /Users/yangjingbo/IdeaProjects/DiyTomcat/javaweb/web has finished in 0 ms
12 18, 2020 23:32:52 下午 cn.diytomcat.catalina.Context <init>
INFO : Deployment of web application directory /Users/yangjingbo/IdeaProjects/DiyTomcat/javaweb/web has finished in1 ms
12 18, 2020 23:32:52 下午 cn.diytomcat.catalina.Server logJVM
INFO : Server version:		DiyTomcat/1.0.1
12 18, 2020 23:32:52 下午 cn.diytomcat.catalina.Server logJVM
INFO : Server built:		2020-12-15 10:44:47
12 18, 2020 23:32:52 下午 cn.diytomcat.catalina.Server logJVM
INFO : Server number:		1.0.1
12 18, 2020 23:32:52 下午 cn.diytomcat.catalina.Server logJVM
INFO : OS Name	:		Mac OS X
12 18, 2020 23:32:52 下午 cn.diytomcat.catalina.Server logJVM
INFO : OS Version:		10.16
12 18, 2020 23:32:52 下午 cn.diytomcat.catalina.Server logJVM
INFO : Arichitecture:		x86_64
12 18, 2020 23:32:52 下午 cn.diytomcat.catalina.Server logJVM
INFO : Java Home:		/Library/Java/JavaVirtualMachines/jdk1.8.0_181.jdk/Contents/Home/jre
12 18, 2020 23:32:52 下午 cn.diytomcat.catalina.Server logJVM
INFO : JVM Version:		1.8.0_181-b13
12 18, 2020 23:32:52 下午 cn.diytomcat.catalina.Server logJVM
INFO : JVM Vendor:		Oracle Corporation
12 18, 2020 23:32:52 下午 cn.diytomcat.catalina.Connector init
INFO : Initializing ProtocolHandler [http-bio-18080]
12 18, 2020 23:32:52 下午 cn.diytomcat.catalina.Connector init
INFO : Initializing ProtocolHandler [http-bio-18081]
12 18, 2020 23:32:52 下午 cn.diytomcat.catalina.Connector init
INFO : Initializing ProtocolHandler [http-bio-18082]
12 18, 2020 23:32:52 下午 cn.diytomcat.catalina.Service init
INFO : Initialization processed in3 ms
12 18, 2020 23:32:52 下午 cn.diytomcat.catalina.Connector start
INFO : Starting ProtocolHandler [http-bio-18080]
12 18, 2020 23:32:52 下午 cn.diytomcat.catalina.Connector start
INFO : Starting ProtocolHandler [http-bio-18081]
12 18, 2020 23:32:52 下午 cn.diytomcat.catalina.Connector start
INFO : Starting ProtocolHandler [http-bio-18082]
12 18, 2020 23:32:52 下午 cn.diytomcat.catalina.Server start
INFO : Server startup in 8 ms
12 18, 2020 23:40:00 下午 cn.diytomcat.catalina.Context <init>
INFO : Deploying web application directory /Users/yangjingbo/IdeaProjects/DiyTomcat/webapps/j2ee
12 18, 2020 23:40:00 下午 cn.diytomcat.catalina.Context deploy
INFO : Deployment of web application directory /Users/yangjingbo/IdeaProjects/DiyTomcat/webapps/j2ee has finished in 5 ms
12 18, 2020 23:40:00 下午 cn.diytomcat.catalina.Context <init>
INFO : Deployment of web application directory /Users/yangjingbo/IdeaProjects/DiyTomcat/webapps/j2ee has finished in158 ms
12 18, 2020 23:40:00 下午 cn.diytomcat.catalina.Context <init>
INFO : Deploying web application directory /Users/yangjingbo/IdeaProjects/DiyTomcat/webapps/a
12 18, 2020 23:40:00 下午 cn.diytomcat.catalina.Context deploy
INFO : Deployment of web application directory /Users/yangjingbo/IdeaProjects/DiyTomcat/webapps/a has finished in 0 ms
12 18, 2020 23:40:00 下午 cn.diytomcat.catalina.Context <init>
INFO : Deployment of web application directory /Users/yangjingbo/IdeaProjects/DiyTomcat/webapps/a has finished in4 ms
12 18, 2020 23:40:00 下午 cn.diytomcat.catalina.Context <init>
INFO : Deploying web application directory /Users/yangjingbo/IdeaProjects/DiyTomcat/webapps/ROOT
12 18, 2020 23:40:00 下午 cn.diytomcat.catalina.Context deploy
INFO : Deployment of web application directory /Users/yangjingbo/IdeaProjects/DiyTomcat/webapps/ROOT has finished in 0 ms
12 18, 2020 23:40:00 下午 cn.diytomcat.catalina.Context <init>
INFO : Deployment of web application directory /Users/yangjingbo/IdeaProjects/DiyTomcat/webapps/ROOT has finished in3 ms
12 18, 2020 23:40:00 下午 cn.diytomcat.catalina.Context <init>
INFO : Deploying web application directory /Users/yangjingbo/IdeaProjects/DiyTomcat/b
12 18, 2020 23:40:00 下午 cn.diytomcat.catalina.Context deploy
INFO : Deployment of web application directory /Users/yangjingbo/IdeaProjects/DiyTomcat/b has finished in 0 ms
12 18, 2020 23:40:00 下午 cn.diytomcat.catalina.Context <init>
INFO : Deployment of web application directory /Users/yangjingbo/IdeaProjects/DiyTomcat/b has finished in0 ms
12 18, 2020 23:40:00 下午 cn.diytomcat.catalina.Context <init>
INFO : Deploying web application directory /Users/yangjingbo/IdeaProjects/javaweb/web
12 18, 2020 23:40:38 下午 cn.diytomcat.catalina.Context <init>
INFO : Deploying web application directory /Users/yangjingbo/IdeaProjects/DiyTomcat/webapps/j2ee
12 18, 2020 23:40:38 下午 cn.diytomcat.catalina.Context deploy
INFO : Deployment of web application directory /Users/yangjingbo/IdeaProjects/DiyTomcat/webapps/j2ee has finished in 7 ms
12 18, 2020 23:40:38 下午 cn.diytomcat.catalina.Context <init>
INFO : Deployment of web application directory /Users/yangjingbo/IdeaProjects/DiyTomcat/webapps/j2ee has finished in155 ms
12 18, 2020 23:40:38 下午 cn.diytomcat.catalina.Context <init>
INFO : Deploying web application directory /Users/yangjingbo/IdeaProjects/DiyTomcat/webapps/a
12 18, 2020 23:40:38 下午 cn.diytomcat.catalina.Context deploy
INFO : Deployment of web application directory /Users/yangjingbo/IdeaProjects/DiyTomcat/webapps/a has finished in 0 ms
12 18, 2020 23:40:38 下午 cn.diytomcat.catalina.Context <init>
INFO : Deployment of web application directory /Users/yangjingbo/IdeaProjects/DiyTomcat/webapps/a has finished in3 ms
12 18, 2020 23:40:39 下午 cn.diytomcat.catalina.Context <init>
INFO : Deploying web application directory /Users/yangjingbo/IdeaProjects/DiyTomcat/webapps/ROOT
12 18, 2020 23:40:39 下午 cn.diytomcat.catalina.Context deploy
INFO : Deployment of web application directory /Users/yangjingbo/IdeaProjects/DiyTomcat/webapps/ROOT has finished in 0 ms
12 18, 2020 23:40:39 下午 cn.diytomcat.catalina.Context <init>
INFO : Deployment of web application directory /Users/yangjingbo/IdeaProjects/DiyTomcat/webapps/ROOT has finished in3 ms
12 18, 2020 23:40:39 下午 cn.diytomcat.catalina.Context <init>
INFO : Deploying web application directory /Users/yangjingbo/IdeaProjects/DiyTomcat/b
12 18, 2020 23:40:39 下午 cn.diytomcat.catalina.Context deploy
INFO : Deployment of web application directory /Users/yangjingbo/IdeaProjects/DiyTomcat/b has finished in 0 ms
12 18, 2020 23:40:39 下午 cn.diytomcat.catalina.Context <init>
INFO : Deployment of web application directory /Users/yangjingbo/IdeaProjects/DiyTomcat/b has finished in2 ms
12 18, 2020 23:40:39 下午 cn.diytomcat.catalina.Context <init>
INFO : Deploying web application directory /Users/yangjingbo/IdeaProjects/javaweb/web
12 18, 2020 23:46:30 下午 cn.diytomcat.catalina.Context <init>
INFO : Deploying web application directory /Users/yangjingbo/IdeaProjects/DiyTomcat/webapps/j2ee
12 18, 2020 23:46:30 下午 cn.diytomcat.catalina.Context deploy
INFO : Deployment of web application directory /Users/yangjingbo/IdeaProjects/DiyTomcat/webapps/j2ee has finished in 4 ms
12 18, 2020 23:46:30 下午 cn.diytomcat.catalina.Context <init>
INFO : Deployment of web application directory /Users/yangjingbo/IdeaProjects/DiyTomcat/webapps/j2ee has finished in143 ms
12 18, 2020 23:46:30 下午 cn.diytomcat.catalina.Context <init>
INFO : Deploying web application directory /Users/yangjingbo/IdeaProjects/DiyTomcat/webapps/a
12 18, 2020 23:46:30 下午 cn.diytomcat.catalina.Context deploy
INFO : Deployment of web application directory /Users/yangjingbo/IdeaProjects/DiyTomcat/webapps/a has finished in 0 ms
12 18, 2020 23:46:30 下午 cn.diytomcat.catalina.Context <init>
INFO : Deployment of web application directory /Users/yangjingbo/IdeaProjects/DiyTomcat/webapps/a has finished in6 ms
12 18, 2020 23:46:30 下午 cn.diytomcat.catalina.Context <init>
INFO : Deploying web application directory /Users/yangjingbo/IdeaProjects/DiyTomcat/webapps/ROOT
12 18, 2020 23:46:30 下午 cn.diytomcat.catalina.Context deploy
INFO : Deployment of web application directory /Users/yangjingbo/IdeaProjects/DiyTomcat/webapps/ROOT has finished in 0 ms
12 18, 2020 23:46:30 下午 cn.diytomcat.catalina.Context <init>
INFO : Deployment of web application directory /Users/yangjingbo/IdeaProjects/DiyTomcat/webapps/ROOT has finished in3 ms
12 18, 2020 23:46:30 下午 cn.diytomcat.catalina.Context <init>
INFO : Deploying web application directory /Users/yangjingbo/IdeaProjects/DiyTomcat/b
12 18, 2020 23:46:30 下午 cn.diytomcat.catalina.Context deploy
INFO : Deployment of web application directory /Users/yangjingbo/IdeaProjects/DiyTomcat/b has finished in 0 ms
12 18, 2020 23:46:30 下午 cn.diytomcat.catalina.Context <init>
INFO : Deployment of web application directory /Users/yangjingbo/IdeaProjects/DiyTomcat/b has finished in2 ms
12 18, 2020 23:46:30 下午 cn.diytomcat.catalina.Context <init>
INFO : Deploying web application directory /Users/yangjingbo/IdeaProjects/javaweb/web
12 18, 2020 23:48:31 下午 cn.diytomcat.catalina.Context <init>
INFO : Deploying web application directory /Users/yangjingbo/IdeaProjects/DiyTomcat/webapps/j2ee
12 18, 2020 23:48:31 下午 cn.diytomcat.catalina.Context deploy
INFO : Deployment of web application directory /Users/yangjingbo/IdeaProjects/DiyTomcat/webapps/j2ee has finished in 7 ms
12 18, 2020 23:48:31 下午 cn.diytomcat.catalina.Context <init>
INFO : Deployment of web application directory /Users/yangjingbo/IdeaProjects/DiyTomcat/webapps/j2ee has finished in153 ms
12 18, 2020 23:48:31 下午 cn.diytomcat.catalina.Context <init>
INFO : Deploying web application directory /Users/yangjingbo/IdeaProjects/DiyTomcat/webapps/a
12 18, 2020 23:48:31 下午 cn.diytomcat.catalina.Context deploy
INFO : Deployment of web application directory /Users/yangjingbo/IdeaProjects/DiyTomcat/webapps/a has finished in 0 ms
12 18, 2020 23:48:31 下午 cn.diytomcat.catalina.Context <init>
INFO : Deployment of web application directory /Users/yangjingbo/IdeaProjects/DiyTomcat/webapps/a has finished in4 ms
12 18, 2020 23:48:31 下午 cn.diytomcat.catalina.Context <init>
INFO : Deploying web application directory /Users/yangjingbo/IdeaProjects/DiyTomcat/webapps/ROOT
12 18, 2020 23:48:31 下午 cn.diytomcat.catalina.Context deploy
INFO : Deployment of web application directory /Users/yangjingbo/IdeaProjects/DiyTomcat/webapps/ROOT has finished in 0 ms
12 18, 2020 23:48:31 下午 cn.diytomcat.catalina.Context <init>
INFO : Deployment of web application directory /Users/yangjingbo/IdeaProjects/DiyTomcat/webapps/ROOT has finished in3 ms
12 18, 2020 23:48:31 下午 cn.diytomcat.catalina.Context <init>
INFO : Deploying web application directory /Users/yangjingbo/IdeaProjects/DiyTomcat/b
12 18, 2020 23:48:31 下午 cn.diytomcat.catalina.Context deploy
INFO : Deployment of web application directory /Users/yangjingbo/IdeaProjects/DiyTomcat/b has finished in 0 ms
12 18, 2020 23:48:31 下午 cn.diytomcat.catalina.Context <init>
INFO : Deployment of web application directory /Users/yangjingbo/IdeaProjects/DiyTomcat/b has finished in2 ms
12 18, 2020 23:48:31 下午 cn.diytomcat.catalina.Context <init>
INFO : Deploying web application directory /Users/yangjingbo/IdeaProjects/javaweb/web
12 18, 2020 23:48:31 下午 cn.diytomcat.catalina.Context deploy
INFO : Deployment of web application directory /Users/yangjingbo/IdeaProjects/javaweb/web has finished in 2 ms
12 18, 2020 23:48:31 下午 cn.diytomcat.catalina.Context <init>
INFO : Deployment of web application directory /Users/yangjingbo/IdeaProjects/javaweb/web has finished in5 ms
12 18, 2020 23:48:31 下午 cn.diytomcat.catalina.Server logJVM
INFO : Server version:		DiyTomcat/1.0.1
12 18, 2020 23:48:31 下午 cn.diytomcat.catalina.Server logJVM
INFO : Server built:		2020-12-15 10:44:47
12 18, 2020 23:48:31 下午 cn.diytomcat.catalina.Server logJVM
INFO : Server number:		1.0.1
12 18, 2020 23:48:31 下午 cn.diytomcat.catalina.Server logJVM
INFO : OS Name	:		Mac OS X
12 18, 2020 23:48:31 下午 cn.diytomcat.catalina.Server logJVM
INFO : OS Version:		10.16
12 18, 2020 23:48:31 下午 cn.diytomcat.catalina.Server logJVM
INFO : Arichitecture:		x86_64
12 18, 2020 23:48:31 下午 cn.diytomcat.catalina.Server logJVM
INFO : Java Home:		/Library/Java/JavaVirtualMachines/jdk1.8.0_181.jdk/Contents/Home/jre
12 18, 2020 23:48:31 下午 cn.diytomcat.catalina.Server logJVM
INFO : JVM Version:		1.8.0_181-b13
12 18, 2020 23:48:31 下午 cn.diytomcat.catalina.Server logJVM
INFO : JVM Vendor:		Oracle Corporation
12 18, 2020 23:48:31 下午 cn.diytomcat.catalina.Connector init
INFO : Initializing ProtocolHandler [http-bio-18080]
12 18, 2020 23:48:31 下午 cn.diytomcat.catalina.Connector init
INFO : Initializing ProtocolHandler [http-bio-18081]
12 18, 2020 23:48:31 下午 cn.diytomcat.catalina.Connector init
INFO : Initializing ProtocolHandler [http-bio-18082]
12 18, 2020 23:48:31 下午 cn.diytomcat.catalina.Service init
INFO : Initialization processed in1 ms
12 18, 2020 23:48:31 下午 cn.diytomcat.catalina.Connector start
INFO : Starting ProtocolHandler [http-bio-18080]
12 18, 2020 23:48:31 下午 cn.diytomcat.catalina.Connector start
INFO : Starting ProtocolHandler [http-bio-18081]
12 18, 2020 23:48:31 下午 cn.diytomcat.catalina.Connector start
INFO : Starting ProtocolHandler [http-bio-18082]
12 18, 2020 23:48:31 下午 cn.diytomcat.catalina.Server start
INFO : Server startup in 5 ms
12 18, 2020 23:50:50 下午 cn.diytomcat.catalina.Context <init>
INFO : Deploying web application directory /Users/yangjingbo/IdeaProjects/DiyTomcat/webapps/j2ee
12 18, 2020 23:50:50 下午 cn.diytomcat.catalina.Context deploy
INFO : Deployment of web application directory /Users/yangjingbo/IdeaProjects/DiyTomcat/webapps/j2ee has finished in 12 ms
12 18, 2020 23:50:50 下午 cn.diytomcat.catalina.Context <init>
INFO : Deployment of web application directory /Users/yangjingbo/IdeaProjects/DiyTomcat/webapps/j2ee has finished in175 ms
12 18, 2020 23:50:50 下午 cn.diytomcat.catalina.Context <init>
INFO : Deploying web application directory /Users/yangjingbo/IdeaProjects/DiyTomcat/webapps/a
12 18, 2020 23:50:50 下午 cn.diytomcat.catalina.Context deploy
INFO : Deployment of web application directory /Users/yangjingbo/IdeaProjects/DiyTomcat/webapps/a has finished in 0 ms
12 18, 2020 23:50:50 下午 cn.diytomcat.catalina.Context <init>
INFO : Deployment of web application directory /Users/yangjingbo/IdeaProjects/DiyTomcat/webapps/a has finished in3 ms
12 18, 2020 23:50:50 下午 cn.diytomcat.catalina.Context <init>
INFO : Deploying web application directory /Users/yangjingbo/IdeaProjects/DiyTomcat/webapps/ROOT
12 18, 2020 23:50:50 下午 cn.diytomcat.catalina.Context deploy
INFO : Deployment of web application directory /Users/yangjingbo/IdeaProjects/DiyTomcat/webapps/ROOT has finished in 0 ms
12 18, 2020 23:50:50 下午 cn.diytomcat.catalina.Context <init>
INFO : Deployment of web application directory /Users/yangjingbo/IdeaProjects/DiyTomcat/webapps/ROOT has finished in3 ms
12 18, 2020 23:50:50 下午 cn.diytomcat.catalina.Context <init>
INFO : Deploying web application directory /Users/yangjingbo/IdeaProjects/DiyTomcat/b
12 18, 2020 23:50:50 下午 cn.diytomcat.catalina.Context deploy
INFO : Deployment of web application directory /Users/yangjingbo/IdeaProjects/DiyTomcat/b has finished in 0 ms
12 18, 2020 23:50:50 下午 cn.diytomcat.catalina.Context <init>
INFO : Deployment of web application directory /Users/yangjingbo/IdeaProjects/DiyTomcat/b has finished in1 ms
12 18, 2020 23:50:50 下午 cn.diytomcat.catalina.Context <init>
INFO : Deploying web application directory /Users/yangjingbo/IdeaProjects/javaweb/web
12 18, 2020 23:50:50 下午 cn.diytomcat.catalina.Context deploy
INFO : Deployment of web application directory /Users/yangjingbo/IdeaProjects/javaweb/web has finished in 3 ms
12 18, 2020 23:50:50 下午 cn.diytomcat.catalina.Context <init>
INFO : Deployment of web application directory /Users/yangjingbo/IdeaProjects/javaweb/web has finished in7 ms
12 18, 2020 23:50:50 下午 cn.diytomcat.catalina.Server logJVM
INFO : Server version:		DiyTomcat/1.0.1
12 18, 2020 23:50:50 下午 cn.diytomcat.catalina.Server logJVM
INFO : Server built:		2020-12-15 10:44:47
12 18, 2020 23:50:50 下午 cn.diytomcat.catalina.Server logJVM
INFO : Server number:		1.0.1
12 18, 2020 23:50:50 下午 cn.diytomcat.catalina.Server logJVM
INFO : OS Name	:		Mac OS X
12 18, 2020 23:50:50 下午 cn.diytomcat.catalina.Server logJVM
INFO : OS Version:		10.16
12 18, 2020 23:50:50 下午 cn.diytomcat.catalina.Server logJVM
INFO : Arichitecture:		x86_64
12 18, 2020 23:50:50 下午 cn.diytomcat.catalina.Server logJVM
INFO : Java Home:		/Library/Java/JavaVirtualMachines/jdk1.8.0_181.jdk/Contents/Home/jre
12 18, 2020 23:50:50 下午 cn.diytomcat.catalina.Server logJVM
INFO : JVM Version:		1.8.0_181-b13
12 18, 2020 23:50:50 下午 cn.diytomcat.catalina.Server logJVM
INFO : JVM Vendor:		Oracle Corporation
12 18, 2020 23:50:50 下午 cn.diytomcat.catalina.Connector init
INFO : Initializing ProtocolHandler [http-bio-18080]
12 18, 2020 23:50:50 下午 cn.diytomcat.catalina.Connector init
INFO : Initializing ProtocolHandler [http-bio-18081]
12 18, 2020 23:50:50 下午 cn.diytomcat.catalina.Connector init
INFO : Initializing ProtocolHandler [http-bio-18082]
12 18, 2020 23:50:50 下午 cn.diytomcat.catalina.Service init
INFO : Initialization processed in1 ms
12 18, 2020 23:50:50 下午 cn.diytomcat.catalina.Connector start
INFO : Starting ProtocolHandler [http-bio-18080]
12 18, 2020 23:50:50 下午 cn.diytomcat.catalina.Connector start
INFO : Starting ProtocolHandler [http-bio-18081]
12 18, 2020 23:50:50 下午 cn.diytomcat.catalina.Connector start
INFO : Starting ProtocolHandler [http-bio-18082]
12 18, 2020 23:50:50 下午 cn.diytomcat.catalina.Server start
INFO : Server startup in 5 ms
12 18, 2020 23:50:58 下午 cn.diytomcat.catalina.HttpProcessor error
ERROR: this is a deliberately created exception
java.lang.RuntimeException: this is a deliberately created exception
	at cn.diytomcat.servlets.DefaultServlet.service(DefaultServlet.java:38)
	at cn.diytomcat.catalina.HttpProcessor.execute(HttpProcessor.java:37)
	at cn.diytomcat.catalina.Connector$1.run(Connector.java:52)
	at java.util.concurrent.ThreadPoolExecutor.runWorker(ThreadPoolExecutor.java:1149)
	at java.util.concurrent.ThreadPoolExecutor$Worker.run(ThreadPoolExecutor.java:624)
	at java.lang.Thread.run(Thread.java:748)
12 18, 2020 23:59:16 下午 cn.diytomcat.catalina.Context <init>
INFO : Deploying web application directory /Users/yangjingbo/IdeaProjects/DiyTomcat/webapps/j2ee
12 18, 2020 23:59:16 下午 cn.diytomcat.catalina.Context deploy
INFO : Deployment of web application directory /Users/yangjingbo/IdeaProjects/DiyTomcat/webapps/j2ee has finished in 6 ms
12 18, 2020 23:59:16 下午 cn.diytomcat.catalina.Context <init>
INFO : Deployment of web application directory /Users/yangjingbo/IdeaProjects/DiyTomcat/webapps/j2ee has finished in187 ms
12 18, 2020 23:59:16 下午 cn.diytomcat.catalina.Context <init>
INFO : Deploying web application directory /Users/yangjingbo/IdeaProjects/DiyTomcat/webapps/a
12 18, 2020 23:59:16 下午 cn.diytomcat.catalina.Context deploy
INFO : Deployment of web application directory /Users/yangjingbo/IdeaProjects/DiyTomcat/webapps/a has finished in 0 ms
12 18, 2020 23:59:16 下午 cn.diytomcat.catalina.Context <init>
INFO : Deployment of web application directory /Users/yangjingbo/IdeaProjects/DiyTomcat/webapps/a has finished in11 ms
12 18, 2020 23:59:16 下午 cn.diytomcat.catalina.Context <init>
INFO : Deploying web application directory /Users/yangjingbo/IdeaProjects/DiyTomcat/webapps/ROOT
12 18, 2020 23:59:16 下午 cn.diytomcat.catalina.Context deploy
INFO : Deployment of web application directory /Users/yangjingbo/IdeaProjects/DiyTomcat/webapps/ROOT has finished in 0 ms
12 18, 2020 23:59:16 下午 cn.diytomcat.catalina.Context <init>
INFO : Deployment of web application directory /Users/yangjingbo/IdeaProjects/DiyTomcat/webapps/ROOT has finished in2 ms
12 18, 2020 23:59:16 下午 cn.diytomcat.catalina.Context <init>
INFO : Deploying web application directory /Users/yangjingbo/IdeaProjects/DiyTomcat/b
12 18, 2020 23:59:16 下午 cn.diytomcat.catalina.Context deploy
INFO : Deployment of web application directory /Users/yangjingbo/IdeaProjects/DiyTomcat/b has finished in 0 ms
12 18, 2020 23:59:16 下午 cn.diytomcat.catalina.Context <init>
INFO : Deployment of web application directory /Users/yangjingbo/IdeaProjects/DiyTomcat/b has finished in2 ms
12 18, 2020 23:59:16 下午 cn.diytomcat.catalina.Context <init>
INFO : Deploying web application directory /Users/yangjingbo/IdeaProjects/javaweb/web
12 18, 2020 23:59:16 下午 cn.diytomcat.catalina.Context deploy
INFO : Deployment of web application directory /Users/yangjingbo/IdeaProjects/javaweb/web has finished in 3 ms
12 18, 2020 23:59:16 下午 cn.diytomcat.catalina.Context <init>
INFO : Deployment of web application directory /Users/yangjingbo/IdeaProjects/javaweb/web has finished in4 ms
12 18, 2020 23:59:16 下午 cn.diytomcat.catalina.Server logJVM
INFO : Server version:		DiyTomcat/1.0.1
12 18, 2020 23:59:16 下午 cn.diytomcat.catalina.Server logJVM
INFO : Server built:		2020-12-15 10:44:47
12 18, 2020 23:59:16 下午 cn.diytomcat.catalina.Server logJVM
INFO : Server number:		1.0.1
12 18, 2020 23:59:16 下午 cn.diytomcat.catalina.Server logJVM
INFO : OS Name	:		Mac OS X
12 18, 2020 23:59:16 下午 cn.diytomcat.catalina.Server logJVM
INFO : OS Version:		10.16
12 18, 2020 23:59:16 下午 cn.diytomcat.catalina.Server logJVM
INFO : Arichitecture:		x86_64
12 18, 2020 23:59:16 下午 cn.diytomcat.catalina.Server logJVM
INFO : Java Home:		/Library/Java/JavaVirtualMachines/jdk1.8.0_181.jdk/Contents/Home/jre
12 18, 2020 23:59:16 下午 cn.diytomcat.catalina.Server logJVM
INFO : JVM Version:		1.8.0_181-b13
12 18, 2020 23:59:16 下午 cn.diytomcat.catalina.Server logJVM
INFO : JVM Vendor:		Oracle Corporation
12 18, 2020 23:59:16 下午 cn.diytomcat.catalina.Connector init
INFO : Initializing ProtocolHandler [http-bio-18080]
12 18, 2020 23:59:16 下午 cn.diytomcat.catalina.Connector init
INFO : Initializing ProtocolHandler [http-bio-18081]
12 18, 2020 23:59:16 下午 cn.diytomcat.catalina.Connector init
INFO : Initializing ProtocolHandler [http-bio-18082]
12 18, 2020 23:59:16 下午 cn.diytomcat.catalina.Service init
INFO : Initialization processed in1 ms
12 18, 2020 23:59:16 下午 cn.diytomcat.catalina.Connector start
INFO : Starting ProtocolHandler [http-bio-18080]
12 18, 2020 23:59:16 下午 cn.diytomcat.catalina.Connector start
INFO : Starting ProtocolHandler [http-bio-18081]
12 18, 2020 23:59:16 下午 cn.diytomcat.catalina.Connector start
INFO : Starting ProtocolHandler [http-bio-18082]
12 18, 2020 23:59:16 下午 cn.diytomcat.catalina.Server start
INFO : Server startup in 4 ms
