12 15, 2020 10:58:23 上午 cn.diytomcat.Bootstrap error
ERROR: Address already in use (Bind failed)
java.net.BindException: Address already in use (Bind failed)
	at java.net.PlainSocketImpl.socketBind(Native Method)
	at java.net.AbstractPlainSocketImpl.bind(AbstractPlainSocketImpl.java:387)
	at java.net.ServerSocket.bind(ServerSocket.java:375)
	at java.net.ServerSocket.<init>(ServerSocket.java:237)
	at java.net.ServerSocket.<init>(ServerSocket.java:128)
	at cn.diytomcat.Bootstrap.main(Bootstrap.java:34)
12 15, 2020 10:59:06 上午 cn.diytomcat.Bootstrap logJVM
INFO : Server version:		DiyTomcat/1.0.1
12 15, 2020 10:59:06 上午 cn.diytomcat.Bootstrap logJVM
INFO : Server built:		2020-12-15 10:44:47
12 15, 2020 10:59:06 上午 cn.diytomcat.Bootstrap logJVM
INFO : Server number:		1.0.1
12 15, 2020 10:59:06 上午 cn.diytomcat.Bootstrap logJVM
INFO : OS Name	:		Mac OS X
12 15, 2020 10:59:06 上午 cn.diytomcat.Bootstrap logJVM
INFO : OS Version:		10.16
12 15, 2020 10:59:06 上午 cn.diytomcat.Bootstrap logJVM
INFO : Arichitecture:		x86_64
12 15, 2020 10:59:06 上午 cn.diytomcat.Bootstrap logJVM
INFO : Java Home:		/Library/Java/JavaVirtualMachines/jdk1.8.0_181.jdk/Contents/Home/jre
12 15, 2020 10:59:06 上午 cn.diytomcat.Bootstrap logJVM
INFO : JVM Version:		1.8.0_181-b13
12 15, 2020 10:59:06 上午 cn.diytomcat.Bootstrap logJVM
INFO : JVM Vendor:		Oracle Corporation
12 15, 2020 10:59:06 上午 cn.diytomcat.Bootstrap error
ERROR: Address already in use (Bind failed)
java.net.BindException: Address already in use (Bind failed)
	at java.net.PlainSocketImpl.socketBind(Native Method)
	at java.net.AbstractPlainSocketImpl.bind(AbstractPlainSocketImpl.java:387)
	at java.net.ServerSocket.bind(ServerSocket.java:375)
	at java.net.ServerSocket.<init>(ServerSocket.java:237)
	at java.net.ServerSocket.<init>(ServerSocket.java:128)
	at cn.diytomcat.Bootstrap.main(Bootstrap.java:35)
12 15, 2020 11:00:31 上午 cn.diytomcat.Bootstrap logJVM
INFO : Server version:		DiyTomcat/1.0.1
12 15, 2020 11:00:31 上午 cn.diytomcat.Bootstrap logJVM
INFO : Server built:		2020-12-15 10:44:47
12 15, 2020 11:00:31 上午 cn.diytomcat.Bootstrap logJVM
INFO : Server number:		1.0.1
12 15, 2020 11:00:31 上午 cn.diytomcat.Bootstrap logJVM
INFO : OS Name	:		Mac OS X
12 15, 2020 11:00:31 上午 cn.diytomcat.Bootstrap logJVM
INFO : OS Version:		10.16
12 15, 2020 11:00:31 上午 cn.diytomcat.Bootstrap logJVM
INFO : Arichitecture:		x86_64
12 15, 2020 11:00:31 上午 cn.diytomcat.Bootstrap logJVM
INFO : Java Home:		/Library/Java/JavaVirtualMachines/jdk1.8.0_181.jdk/Contents/Home/jre
12 15, 2020 11:00:31 上午 cn.diytomcat.Bootstrap logJVM
INFO : JVM Version:		1.8.0_181-b13
12 15, 2020 11:00:31 上午 cn.diytomcat.Bootstrap logJVM
INFO : JVM Vendor:		Oracle Corporation
12 15, 2020 20:30:17 下午 cn.diytomcat.Bootstrap logJVM
INFO : Server version:		DiyTomcat/1.0.1
12 15, 2020 20:30:17 下午 cn.diytomcat.Bootstrap logJVM
INFO : Server built:		2020-12-15 10:44:47
12 15, 2020 20:30:17 下午 cn.diytomcat.Bootstrap logJVM
INFO : Server number:		1.0.1
12 15, 2020 20:30:17 下午 cn.diytomcat.Bootstrap logJVM
INFO : OS Name	:		Mac OS X
12 15, 2020 20:30:17 下午 cn.diytomcat.Bootstrap logJVM
INFO : OS Version:		10.16
12 15, 2020 20:30:17 下午 cn.diytomcat.Bootstrap logJVM
INFO : Arichitecture:		x86_64
12 15, 2020 20:30:17 下午 cn.diytomcat.Bootstrap logJVM
INFO : Java Home:		/Library/Java/JavaVirtualMachines/jdk1.8.0_181.jdk/Contents/Home/jre
12 15, 2020 20:30:17 下午 cn.diytomcat.Bootstrap logJVM
INFO : JVM Version:		1.8.0_181-b13
12 15, 2020 20:30:17 下午 cn.diytomcat.Bootstrap logJVM
INFO : JVM Vendor:		Oracle Corporation
12 15, 2020 21:05:59 下午 cn.diytomcat.Bootstrap logJVM
INFO : Server version:		DiyTomcat/1.0.1
12 15, 2020 21:05:59 下午 cn.diytomcat.Bootstrap logJVM
INFO : Server built:		2020-12-15 10:44:47
12 15, 2020 21:05:59 下午 cn.diytomcat.Bootstrap logJVM
INFO : Server number:		1.0.1
12 15, 2020 21:05:59 下午 cn.diytomcat.Bootstrap logJVM
INFO : OS Name	:		Mac OS X
12 15, 2020 21:05:59 下午 cn.diytomcat.Bootstrap logJVM
INFO : OS Version:		10.16
12 15, 2020 21:05:59 下午 cn.diytomcat.Bootstrap logJVM
INFO : Arichitecture:		x86_64
12 15, 2020 21:05:59 下午 cn.diytomcat.Bootstrap logJVM
INFO : Java Home:		/Library/Java/JavaVirtualMachines/jdk1.8.0_181.jdk/Contents/Home/jre
12 15, 2020 21:05:59 下午 cn.diytomcat.Bootstrap logJVM
INFO : JVM Version:		1.8.0_181-b13
12 15, 2020 21:05:59 下午 cn.diytomcat.Bootstrap logJVM
INFO : JVM Vendor:		Oracle Corporation
12 15, 2020 21:08:23 下午 cn.diytomcat.Bootstrap logJVM
INFO : Server version:		DiyTomcat/1.0.1
12 15, 2020 21:08:23 下午 cn.diytomcat.Bootstrap logJVM
INFO : Server built:		2020-12-15 10:44:47
12 15, 2020 21:08:23 下午 cn.diytomcat.Bootstrap logJVM
INFO : Server number:		1.0.1
12 15, 2020 21:08:23 下午 cn.diytomcat.Bootstrap logJVM
INFO : OS Name	:		Mac OS X
12 15, 2020 21:08:23 下午 cn.diytomcat.Bootstrap logJVM
INFO : OS Version:		10.16
12 15, 2020 21:08:23 下午 cn.diytomcat.Bootstrap logJVM
INFO : Arichitecture:		x86_64
12 15, 2020 21:08:23 下午 cn.diytomcat.Bootstrap logJVM
INFO : Java Home:		/Library/Java/JavaVirtualMachines/jdk1.8.0_181.jdk/Contents/Home/jre
12 15, 2020 21:08:23 下午 cn.diytomcat.Bootstrap logJVM
INFO : JVM Version:		1.8.0_181-b13
12 15, 2020 21:08:23 下午 cn.diytomcat.Bootstrap logJVM
INFO : JVM Vendor:		Oracle Corporation
12 15, 2020 21:17:44 下午 cn.diytomcat.Bootstrap logJVM
INFO : Server version:		DiyTomcat/1.0.1
12 15, 2020 21:17:44 下午 cn.diytomcat.Bootstrap logJVM
INFO : Server built:		2020-12-15 10:44:47
12 15, 2020 21:17:44 下午 cn.diytomcat.Bootstrap logJVM
INFO : Server number:		1.0.1
12 15, 2020 21:17:44 下午 cn.diytomcat.Bootstrap logJVM
INFO : OS Name	:		Mac OS X
12 15, 2020 21:17:44 下午 cn.diytomcat.Bootstrap logJVM
INFO : OS Version:		10.16
12 15, 2020 21:17:44 下午 cn.diytomcat.Bootstrap logJVM
INFO : Arichitecture:		x86_64
12 15, 2020 21:17:44 下午 cn.diytomcat.Bootstrap logJVM
INFO : Java Home:		/Library/Java/JavaVirtualMachines/jdk1.8.0_181.jdk/Contents/Home/jre
12 15, 2020 21:17:44 下午 cn.diytomcat.Bootstrap logJVM
INFO : JVM Version:		1.8.0_181-b13
12 15, 2020 21:17:44 下午 cn.diytomcat.Bootstrap logJVM
INFO : JVM Vendor:		Oracle Corporation
12 15, 2020 23:34:52 下午 cn.diytomcat.Bootstrap logJVM
INFO : Server version:		DiyTomcat/1.0.1
12 15, 2020 23:34:52 下午 cn.diytomcat.Bootstrap logJVM
INFO : Server built:		2020-12-15 10:44:47
12 15, 2020 23:34:52 下午 cn.diytomcat.Bootstrap logJVM
INFO : Server number:		1.0.1
12 15, 2020 23:34:52 下午 cn.diytomcat.Bootstrap logJVM
INFO : OS Name	:		Mac OS X
12 15, 2020 23:34:52 下午 cn.diytomcat.Bootstrap logJVM
INFO : OS Version:		10.16
12 15, 2020 23:34:52 下午 cn.diytomcat.Bootstrap logJVM
INFO : Arichitecture:		x86_64
12 15, 2020 23:34:52 下午 cn.diytomcat.Bootstrap logJVM
INFO : Java Home:		/Library/Java/JavaVirtualMachines/jdk1.8.0_181.jdk/Contents/Home/jre
12 15, 2020 23:34:52 下午 cn.diytomcat.Bootstrap logJVM
INFO : JVM Version:		1.8.0_181-b13
12 15, 2020 23:34:52 下午 cn.diytomcat.Bootstrap logJVM
INFO : JVM Vendor:		Oracle Corporation
12 15, 2020 23:34:52 下午 cn.diytomcat.catalina.Context <init>
INFO : Deploying web application directory /Users/yangjingbo/IdeaProjects/DiyTomcat/webapps/a
12 15, 2020 23:34:52 下午 cn.diytomcat.catalina.Context <init>
INFO : Deployment of web application directory /Users/yangjingbo/IdeaProjects/DiyTomcat/webapps/a has finished in 0 ms
12 15, 2020 23:34:52 下午 cn.diytomcat.catalina.Context <init>
INFO : Deploying web application directory /Users/yangjingbo/IdeaProjects/DiyTomcat/webapps/ROOT
12 15, 2020 23:34:52 下午 cn.diytomcat.catalina.Context <init>
INFO : Deployment of web application directory /Users/yangjingbo/IdeaProjects/DiyTomcat/webapps/ROOT has finished in 0 ms
12 15, 2020 23:44:08 下午 cn.diytomcat.Bootstrap logJVM
INFO : Server version:		DiyTomcat/1.0.1
12 15, 2020 23:44:08 下午 cn.diytomcat.Bootstrap logJVM
INFO : Server built:		2020-12-15 10:44:47
12 15, 2020 23:44:08 下午 cn.diytomcat.Bootstrap logJVM
INFO : Server number:		1.0.1
12 15, 2020 23:44:08 下午 cn.diytomcat.Bootstrap logJVM
INFO : OS Name	:		Mac OS X
12 15, 2020 23:44:08 下午 cn.diytomcat.Bootstrap logJVM
INFO : OS Version:		10.16
12 15, 2020 23:44:08 下午 cn.diytomcat.Bootstrap logJVM
INFO : Arichitecture:		x86_64
12 15, 2020 23:44:08 下午 cn.diytomcat.Bootstrap logJVM
INFO : Java Home:		/Library/Java/JavaVirtualMachines/jdk1.8.0_181.jdk/Contents/Home/jre
12 15, 2020 23:44:08 下午 cn.diytomcat.Bootstrap logJVM
INFO : JVM Version:		1.8.0_181-b13
12 15, 2020 23:44:08 下午 cn.diytomcat.Bootstrap logJVM
INFO : JVM Vendor:		Oracle Corporation
12 15, 2020 23:44:08 下午 cn.diytomcat.catalina.Context <init>
INFO : Deploying web application directory /Users/yangjingbo/IdeaProjects/DiyTomcat/webapps/a
12 15, 2020 23:44:08 下午 cn.diytomcat.catalina.Context <init>
INFO : Deployment of web application directory /Users/yangjingbo/IdeaProjects/DiyTomcat/webapps/a has finished in 1 ms
12 15, 2020 23:44:08 下午 cn.diytomcat.catalina.Context <init>
INFO : Deploying web application directory /Users/yangjingbo/IdeaProjects/DiyTomcat/webapps/ROOT
12 15, 2020 23:44:08 下午 cn.diytomcat.catalina.Context <init>
INFO : Deployment of web application directory /Users/yangjingbo/IdeaProjects/DiyTomcat/webapps/ROOT has finished in 0 ms
12 15, 2020 23:49:24 下午 cn.diytomcat.Bootstrap logJVM
INFO : Server version:		DiyTomcat/1.0.1
12 15, 2020 23:49:24 下午 cn.diytomcat.Bootstrap logJVM
INFO : Server built:		2020-12-15 10:44:47
12 15, 2020 23:49:24 下午 cn.diytomcat.Bootstrap logJVM
INFO : Server number:		1.0.1
12 15, 2020 23:49:24 下午 cn.diytomcat.Bootstrap logJVM
INFO : OS Name	:		Mac OS X
12 15, 2020 23:49:24 下午 cn.diytomcat.Bootstrap logJVM
INFO : OS Version:		10.16
12 15, 2020 23:49:24 下午 cn.diytomcat.Bootstrap logJVM
INFO : Arichitecture:		x86_64
12 15, 2020 23:49:24 下午 cn.diytomcat.Bootstrap logJVM
INFO : Java Home:		/Library/Java/JavaVirtualMachines/jdk1.8.0_181.jdk/Contents/Home/jre
12 15, 2020 23:49:24 下午 cn.diytomcat.Bootstrap logJVM
INFO : JVM Version:		1.8.0_181-b13
12 15, 2020 23:49:24 下午 cn.diytomcat.Bootstrap logJVM
INFO : JVM Vendor:		Oracle Corporation
12 15, 2020 23:49:24 下午 cn.diytomcat.catalina.Context <init>
INFO : Deploying web application directory /Users/yangjingbo/IdeaProjects/DiyTomcat/webapps/a
12 15, 2020 23:49:24 下午 cn.diytomcat.catalina.Context <init>
INFO : Deployment of web application directory /Users/yangjingbo/IdeaProjects/DiyTomcat/webapps/a has finished in 1 ms
12 15, 2020 23:49:24 下午 cn.diytomcat.catalina.Context <init>
INFO : Deploying web application directory /Users/yangjingbo/IdeaProjects/DiyTomcat/webapps/ROOT
12 15, 2020 23:49:24 下午 cn.diytomcat.catalina.Context <init>
INFO : Deployment of web application directory /Users/yangjingbo/IdeaProjects/DiyTomcat/webapps/ROOT has finished in 0 ms
12 15, 2020 23:57:54 下午 cn.diytomcat.Bootstrap logJVM
INFO : Server version:		DiyTomcat/1.0.1
12 15, 2020 23:57:54 下午 cn.diytomcat.Bootstrap logJVM
INFO : Server built:		2020-12-15 10:44:47
12 15, 2020 23:57:54 下午 cn.diytomcat.Bootstrap logJVM
INFO : Server number:		1.0.1
12 15, 2020 23:57:54 下午 cn.diytomcat.Bootstrap logJVM
INFO : OS Name	:		Mac OS X
12 15, 2020 23:57:54 下午 cn.diytomcat.Bootstrap logJVM
INFO : OS Version:		10.16
12 15, 2020 23:57:54 下午 cn.diytomcat.Bootstrap logJVM
INFO : Arichitecture:		x86_64
12 15, 2020 23:57:54 下午 cn.diytomcat.Bootstrap logJVM
INFO : Java Home:		/Library/Java/JavaVirtualMachines/jdk1.8.0_181.jdk/Contents/Home/jre
12 15, 2020 23:57:54 下午 cn.diytomcat.Bootstrap logJVM
INFO : JVM Version:		1.8.0_181-b13
12 15, 2020 23:57:54 下午 cn.diytomcat.Bootstrap logJVM
INFO : JVM Vendor:		Oracle Corporation
12 15, 2020 23:57:54 下午 cn.diytomcat.catalina.Context <init>
INFO : Deploying web application directory /Users/yangjingbo/IdeaProjects/DiyTomcat/webapps/a
12 15, 2020 23:57:54 下午 cn.diytomcat.catalina.Context <init>
INFO : Deployment of web application directory /Users/yangjingbo/IdeaProjects/DiyTomcat/webapps/a has finished in 0 ms
12 15, 2020 23:57:54 下午 cn.diytomcat.catalina.Context <init>
INFO : Deploying web application directory /Users/yangjingbo/IdeaProjects/DiyTomcat/webapps/ROOT
12 15, 2020 23:57:54 下午 cn.diytomcat.catalina.Context <init>
INFO : Deployment of web application directory /Users/yangjingbo/IdeaProjects/DiyTomcat/webapps/ROOT has finished in 0 ms
